{Tue 20:08:27 Step:18509} World_Parser.py: Received field line with NaNs [   nan    nan    nan   1.17 -48.43  49.08]
{Tue 20:11:29 Step:20621} World_Parser.py: Received field line with NaNs [ 0.81 -9.88 -1.82   nan   nan   nan]
{Tue 20:43:13 Step:38987} World_Parser.py: Received field line with NaNs [ 0.35 46.08 50.41   nan   nan   nan]
{Tue 21:37:05 Step:72737} World_Parser.py: Received field line with NaNs [   nan    nan    nan  16.58 -59.95 -38.45]
{Tue 21:58:00 Step:88271} World_Parser.py: Received field line with NaNs [ 3.3  52.74 29.58   nan   nan   nan]
{Tue 22:18:43 Step:100985} World_Parser.py: Received field line with NaNs [   nan    nan    nan   3.24 -59.97   9.96]
{Tue 22:21:48 Step:102623} World_Parser.py: Received field line with NaNs [  0.78 -37.65 -20.64    nan    nan    nan]
{Tue 22:27:41 Step:106921} World_Parser.py: Received field line with NaNs [  2.98  50.09 -10.49    nan    nan    nan]
{Tue 22:33:03 Step:111067} World_Parser.py: Received field line with NaNs [ 0.72 -9.56 28.84   nan   nan   nan]
{Wed 00:01:22 Step:166215} World_Parser.py: Received field line with NaNs [   nan    nan    nan   3.77 -59.91  40.56]
{Wed 00:08:43 Step:171595} World_Parser.py: Received field line with NaNs [  1.5  -47.61   6.3     nan    nan    nan]
{Wed 00:24:35 Step:181079} World_Parser.py: Received field line with NaNs [  1.19 -52.91 -22.01    nan    nan    nan]
{Wed 01:19:03 Step:216529} World_Parser.py: Received field line with NaNs [ 14.6   50.77 -47.78    nan    nan    nan]
{Wed 01:20:45 Step:217923} World_Parser.py: Received field line with NaNs [   nan    nan    nan   3.54 -59.95 -38.84]
{Wed 03:05:25 Step:287649} World_Parser.py: Received field line with NaNs [   nan    nan    nan   2.73 -59.85  34.9 ]
{Wed 03:25:25 Step:300175} World_Parser.py: Received field line with NaNs [   nan    nan    nan  12.95  60.35 -39.05]
{Wed 03:42:25 Step:311313} World_Parser.py: Received field line with NaNs [  3.    50.22 -12.27    nan    nan    nan]
{Wed 06:01:34 Step:397903} World_Parser.py: Received field line with NaNs [   nan    nan    nan   3.54 -59.79   7.48]
{Wed 06:09:19 Step:402489} World_Parser.py: Received field line with NaNs [  1.13  19.78 -34.35    nan    nan    nan]
{Wed 07:28:04 Step:454011} World_Parser.py: Received field line with NaNs [ 0.93 47.66 20.8    nan   nan   nan]
{Wed 07:29:27 Step:454897} World_Parser.py: Received field line with NaNs [ 12.89  33.7  -55.63    nan    nan    nan]
{Wed 07:53:04 Step:471539} World_Parser.py: Received field line with NaNs [   nan    nan    nan   3.13 -59.8    8.98]
{Wed 09:34:24 Step:535381} World_Parser.py: Received field line with NaNs [   nan    nan    nan  16.3   52.69 -46.39]
{Wed 09:40:26 Step:539977} World_Parser.py: Received field line with NaNs [   nan    nan    nan   3.3  -60.02   9.34]
{Wed 11:05:13 Step:595909} World_Parser.py: Received field line with NaNs [  0.75 -24.01 -42.93    nan    nan    nan]
{Wed 11:20:23 Step:605881} World_Parser.py: Received field line with NaNs [   nan    nan    nan   1.69  -1.63 -60.1 ]
{Wed 11:27:43 Step:610963} World_Parser.py: Received field line with NaNs [   nan    nan    nan   3.61 -60.04   4.  ]
{Wed 11:38:36 Step:617683} World_Parser.py: Received field line with NaNs [   nan    nan    nan  16.55 -60.15 -34.18]
{Wed 11:40:17 Step:618711} World_Parser.py: Received field line with NaNs [   nan    nan    nan   3.32 -59.74   9.38]
{Wed 12:26:13 Step:649743} World_Parser.py: Received field line with NaNs [   nan    nan    nan   3.3  -59.53  11.95]
{Wed 12:39:41 Step:658947} World_Parser.py: Received field line with NaNs [   nan    nan    nan  16.25  60.25 -37.12]
{Wed 12:42:26 Step:660729} World_Parser.py: Received field line with NaNs [ 0.8  27.86 18.5    nan   nan   nan]
