{Tue 19:41:42 Step:1635} World_Parser.py: Received field line with NaNs [  0.63 -51.32   2.08    nan    nan    nan]
{Tue 20:01:41 Step:14149} World_Parser.py: Received field line with NaNs [   nan    nan    nan   3.4  -59.91   7.7 ]
{Tue 20:36:35 Step:35415} World_Parser.py: Received field line with NaNs [ 7.86 55.71  9.52   nan   nan   nan]
{Tue 20:57:20 Step:48775} World_Parser.py: Received field line with NaNs [  8.05 -16.12  14.09    nan    nan    nan]
{Tue 21:01:28 Step:51609} World_Parser.py: Received field line with NaNs [   nan    nan    nan  15.91  23.08 -57.95]
{Tue 21:48:54 Step:81091} World_Parser.py: Received field line with NaNs [   nan    nan    nan  12.01  14.39 -59.37]
{Tue 22:43:47 Step:117235} World_Parser.py: Received field line with NaNs [   nan    nan    nan   3.07 -59.88   8.43]
{Tue 22:52:04 Step:122855} World_Parser.py: Received field line with NaNs [   nan    nan    nan   3.14 -59.92   9.32]
{Tue 22:52:29 Step:123371} World_Parser.py: Received field line with NaNs [   nan    nan    nan  13.55  17.26 -58.93]
{Tue 23:02:54 Step:130033} World_Parser.py: Received field line with NaNs [   nan    nan    nan   3.21 -60.04  38.77]
{Tue 23:17:32 Step:139043} World_Parser.py: Received field line with NaNs [   nan    nan    nan   3.25 -60.07   9.17]
{Tue 23:49:05 Step:158719} World_Parser.py: Received field line with NaNs [  0.88 -37.99 -44.27    nan    nan    nan]
{Wed 00:19:14 Step:178007} World_Parser.py: Received field line with NaNs [   nan    nan    nan  18.38   1.33 -59.83]
{Wed 00:19:28 Step:178295} World_Parser.py: Received field line with NaNs [  0.23 -15.91 -36.42    nan    nan    nan]
{Wed 00:45:46 Step:194371} World_Parser.py: Received field line with NaNs [   nan    nan    nan  16.29  52.68 -46.44]
{Wed 00:55:33 Step:201851} World_Parser.py: Received field line with NaNs [   nan    nan    nan  16.34  46.08 -50.35]
{Wed 01:48:27 Step:234945} World_Parser.py: Received field line with NaNs [  0.83 -46.21  29.64    nan    nan    nan]
{Wed 02:18:49 Step:256349} World_Parser.py: Received field line with NaNs [   nan    nan    nan   3.26 -59.76  11.35]
{Wed 03:11:44 Step:291995} World_Parser.py: Received field line with NaNs [   nan    nan    nan   3.39 -60.1    9.82]
{Wed 03:14:52 Step:293705} World_Parser.py: Received field line with NaNs [   nan    nan    nan   3.21 -60.2    8.75]
{Wed 03:16:22 Step:294553} World_Parser.py: Received field line with NaNs [  1.92 -49.65  19.68    nan    nan    nan]
{Wed 04:01:18 Step:321727} World_Parser.py: Received field line with NaNs [   nan    nan    nan  16.56  57.19 -43.14]
{Wed 04:02:02 Step:322581} World_Parser.py: Received field line with NaNs [   nan    nan    nan   2.97 -59.97  13.29]
{Wed 04:39:03 Step:344821} World_Parser.py: Received field line with NaNs [   nan    nan    nan   3.24 -60.19  13.76]
{Wed 05:23:25 Step:373545} World_Parser.py: Received field line with NaNs [   nan    nan    nan   3.34 -60.03   8.42]
{Wed 06:23:43 Step:412403} World_Parser.py: Received field line with NaNs [   nan    nan    nan   3.38 -59.99   8.33]
{Wed 06:49:23 Step:429265} World_Parser.py: Received field line with NaNs [  0.67 -40.21   6.55    nan    nan    nan]
{Wed 07:01:50 Step:436719} World_Parser.py: Received field line with NaNs [   nan    nan    nan  16.97 -60.07 -39.99]
{Wed 07:29:19 Step:454707} World_Parser.py: Received field line with NaNs [   nan    nan    nan  16.35 -59.82 -34.76]
{Wed 07:56:34 Step:473687} World_Parser.py: Received field line with NaNs [   nan    nan    nan   3.57 -59.94  33.56]
{Wed 08:14:33 Step:485225} World_Parser.py: Received field line with NaNs [   nan    nan    nan   3.4  -59.93   9.6 ]
{Wed 08:27:55 Step:495025} World_Parser.py: Received field line with NaNs [  2.99  50.38 -10.26    nan    nan    nan]
{Wed 08:27:56 Step:495027} World_Parser.py: Received field line with NaNs [  2.99  50.02 -10.15    nan    nan    nan]
{Wed 09:29:57 Step:531865} World_Parser.py: Received field line with NaNs [   nan    nan    nan   3.68 -60.3    9.68]
{Wed 09:31:18 Step:532969} World_Parser.py: Received field line with NaNs [   nan    nan    nan   3.27 -59.95   9.76]
{Wed 09:40:37 Step:540207} World_Parser.py: Received field line with NaNs [   nan    nan    nan   3.31 -59.99  10.25]
{Wed 10:52:08 Step:586489} World_Parser.py: Received field line with NaNs [   nan    nan    nan   3.39 -59.68   9.53]
{Wed 10:52:46 Step:587253} World_Parser.py: Received field line with NaNs [   nan    nan    nan   3.53 -59.89 -14.46]
{Wed 11:06:37 Step:596865} World_Parser.py: Received field line with NaNs [   nan    nan    nan   3.4  -60.01   5.21]
{Wed 12:04:11 Step:635855} World_Parser.py: Received field line with NaNs [   nan    nan    nan  15.91  59.92 -14.38]
{Wed 12:55:55 Step:669403} World_Parser.py: Received field line with NaNs [ 3.32 48.1  43.1    nan   nan   nan]
