{Tue 19:50:31 Step:6941} World_Parser.py: Received field line with NaNs [  0.89 -43.9   36.31    nan    nan    nan]
{Tue 20:13:25 Step:22173} World_Parser.py: Received field line with NaNs [   nan    nan    nan   3.28 -60.13  10.75]
{Tue 22:36:24 Step:112775} World_Parser.py: Received field line with NaNs [  nan   nan   nan  0.9  13.8  59.14]
{Tue 22:42:57 Step:116953} World_Parser.py: Received field line with NaNs [  0.83 -37.43 -41.03    nan    nan    nan]
{Tue 22:44:31 Step:118087} World_Parser.py: Received field line with NaNs [   nan    nan    nan  11.67  19.57 -58.57]
{Tue 22:45:50 Step:118243} World_Parser.py: Received field line with NaNs [ 0.33 32.59 -7.71   nan   nan   nan]
{Tue 23:03:15 Step:130491} World_Parser.py: Received field line with NaNs [   nan    nan    nan   1.57  -2.74 -59.88]
{Tue 23:29:28 Step:146097} World_Parser.py: Received field line with NaNs [   nan    nan    nan  11.63  16.07 -58.94]
{Tue 23:31:14 Step:146813} World_Parser.py: Received field line with NaNs [   nan    nan    nan  18.3    2.34 -59.86]
{Tue 23:56:41 Step:162651} World_Parser.py: Received field line with NaNs [   nan    nan    nan  10.95 -60.07   8.63]
{Wed 00:07:18 Step:170633} World_Parser.py: Received field line with NaNs [  0.41 -44.12  20.38    nan    nan    nan]
{Wed 00:11:28 Step:173495} World_Parser.py: Received field line with NaNs [  4.81  -0.96 -47.94    nan    nan    nan]
{Wed 02:20:15 Step:257181} World_Parser.py: Received field line with NaNs [   nan    nan    nan  11.88  24.36 -57.62]
{Wed 02:23:33 Step:259931} World_Parser.py: Received field line with NaNs [  1.02 -47.76  16.      nan    nan    nan]
{Wed 03:16:41 Step:294979} World_Parser.py: Received field line with NaNs [   nan    nan    nan   3.12 -60.11  14.92]
{Wed 03:22:00 Step:298763} World_Parser.py: Received field line with NaNs [   nan    nan    nan  16.97 -60.05 -38.44]
{Wed 04:52:43 Step:353909} World_Parser.py: Received field line with NaNs [  2.18 -50.93   8.33    nan    nan    nan]
{Wed 04:59:33 Step:358253} World_Parser.py: Received field line with NaNs [   nan    nan    nan   3.35 -60.12  13.41]
{Wed 05:37:27 Step:382303} World_Parser.py: Received field line with NaNs [   nan    nan    nan   3.36 -60.02   9.83]
{Wed 07:00:52 Step:436211} World_Parser.py: Received field line with NaNs [   nan    nan    nan   0.37 -55.44 -44.35]
{Wed 07:08:45 Step:441333} World_Parser.py: Received field line with NaNs [  nan   nan   nan 20.48 30.44 56.15]
{Wed 07:14:00 Step:445113} World_Parser.py: Received field line with NaNs [   nan    nan    nan   3.28 -60.02  12.89]
{Wed 07:56:12 Step:473231} World_Parser.py: Received field line with NaNs [   nan    nan    nan   3.21 -60.21  11.04]
{Wed 08:46:10 Step:505741} World_Parser.py: Received field line with NaNs [ 0.51 -0.66 -5.66   nan   nan   nan]
{Wed 09:22:30 Step:527175} World_Parser.py: Received field line with NaNs [   nan    nan    nan  16.25  59.95 -34.7 ]
{Wed 09:44:41 Step:542381} World_Parser.py: Received field line with NaNs [   nan    nan    nan   3.32 -59.84   9.28]
{Wed 10:33:48 Step:575665} World_Parser.py: Received field line with NaNs [   nan    nan    nan   3.27 -59.94   9.3 ]
{Wed 11:05:40 Step:596409} World_Parser.py: Received field line with NaNs [  nan   nan   nan 18.02 59.42 41.12]
{Wed 11:21:57 Step:606859} World_Parser.py: Received field line with NaNs [   nan    nan    nan   3.25 -59.89   9.  ]
{Wed 12:12:24 Step:640803} World_Parser.py: Received field line with NaNs [  4.78   1.1  -47.82    nan    nan    nan]
{Wed 12:32:33 Step:653801} World_Parser.py: Received field line with NaNs [   nan    nan    nan   3.32 -59.96  10.79]
{Wed 12:38:02 Step:657605} World_Parser.py: Received field line with NaNs [   nan    nan    nan   3.32 -60.11   9.4 ]
