{Tue 20:05:20 Step:16323} World_Parser.py: Received field line with NaNs [   nan    nan    nan   0.99 -58.62  42.42]
{Tue 20:21:09 Step:26797} World_Parser.py: Received field line with NaNs [   nan    nan    nan   3.03 -60.09  18.72]
{Tue 20:39:14 Step:37133} World_Parser.py: Received field line with NaNs [   nan    nan    nan   3.19 -60.12  13.12]
{Tue 20:39:20 Step:37221} World_Parser.py: Received field line with NaNs [   nan    nan    nan   3.31 -59.86   9.32]
{Tue 20:48:20 Step:42603} World_Parser.py: Received field line with NaNs [   nan    nan    nan   3.38 -59.97   6.26]
{Tue 21:08:04 Step:55751} World_Parser.py: Received field line with NaNs [  nan   nan   nan 16.14 60.   -4.64]
{Tue 21:31:58 Step:69375} World_Parser.py: Received field line with NaNs [  0.76 -49.53   4.75    nan    nan    nan]
{Tue 21:32:11 Step:69623} World_Parser.py: Received field line with NaNs [  0.98 -47.3   17.42    nan    nan    nan]
{Tue 22:06:39 Step:93813} World_Parser.py: Received field line with NaNs [   nan    nan    nan   3.46 -60.06  13.77]
{Tue 22:18:34 Step:100821} World_Parser.py: Received field line with NaNs [  nan   nan   nan  0.74 46.72 49.67]
{Tue 22:27:45 Step:106995} World_Parser.py: Received field line with NaNs [   nan    nan    nan  13.23  13.92 -59.15]
{Tue 22:30:59 Step:109305} World_Parser.py: Received field line with NaNs [  1.22  24.52 -37.      nan    nan    nan]
{Tue 22:33:08 Step:111155} World_Parser.py: Received field line with NaNs [   nan    nan    nan   1.62   2.54 -60.02]
{Tue 23:03:04 Step:130249} World_Parser.py: Received field line with NaNs [  0.78 -49.95  -2.58    nan    nan    nan]
{Tue 23:05:00 Step:131719} World_Parser.py: Received field line with NaNs [   nan    nan    nan  11.93 -22.56 -57.84]
{Tue 23:20:58 Step:141217} World_Parser.py: Received field line with NaNs [   nan    nan    nan  11.54 -59.88   3.62]
{Wed 01:10:03 Step:210443} World_Parser.py: Received field line with NaNs [  3.01  50.2  -12.18    nan    nan    nan]
{Wed 01:38:21 Step:228773} World_Parser.py: Received field line with NaNs [   nan    nan    nan   3.07 -60.16  11.3 ]
{Wed 02:04:15 Step:247055} World_Parser.py: Received field line with NaNs [  nan   nan   nan 10.05 53.01 46.24]
{Wed 02:10:45 Step:250629} World_Parser.py: Received field line with NaNs [  nan   nan   nan  0.15 59.94 -3.94]
{Wed 02:29:16 Step:263425} World_Parser.py: Received field line with NaNs [   nan    nan    nan   1.63  -2.14 -59.92]
{Wed 04:02:08 Step:322707} World_Parser.py: Received field line with NaNs [  1.16 -50.99   1.22    nan    nan    nan]
{Wed 04:11:54 Step:328173} World_Parser.py: Received field line with NaNs [   nan    nan    nan  11.45   8.84 -59.63]
{Wed 05:02:49 Step:360929} World_Parser.py: Received field line with NaNs [   nan    nan    nan   3.39 -60.05  13.58]
{Wed 05:19:37 Step:371441} World_Parser.py: Received field line with NaNs [  0.89 -35.51 -46.5     nan    nan    nan]
{Wed 05:19:37 Step:371443} World_Parser.py: Received field line with NaNs [  0.84 -35.41 -43.29    nan    nan    nan]
{Wed 05:25:21 Step:374509} World_Parser.py: Received field line with NaNs [   nan    nan    nan   3.25 -59.9    8.85]
{Wed 06:19:16 Step:409729} World_Parser.py: Received field line with NaNs [   nan    nan    nan   3.27 -59.95   9.7 ]
{Wed 06:33:36 Step:418909} World_Parser.py: Received field line with NaNs [ 3.08 48.4  47.89   nan   nan   nan]
{Wed 07:08:39 Step:441199} World_Parser.py: Received field line with NaNs [   nan    nan    nan   0.5   59.96 -15.27]
{Wed 07:23:01 Step:450551} World_Parser.py: Received field line with NaNs [  nan   nan   nan 17.07 60.13 23.86]
{Wed 08:21:11 Step:489983} World_Parser.py: Received field line with NaNs [   nan    nan    nan   3.37 -59.73   9.67]
{Wed 08:21:13 Step:490043} World_Parser.py: Received field line with NaNs [ 0.73 38.39 14.97   nan   nan   nan]
{Wed 08:44:01 Step:504725} World_Parser.py: Received field line with NaNs [   nan    nan    nan   3.01 -59.93  15.3 ]
{Wed 09:19:13 Step:524653} World_Parser.py: Received field line with NaNs [   nan    nan    nan  18.37   1.74 -59.89]
{Wed 09:24:11 Step:528299} World_Parser.py: Received field line with NaNs [  nan   nan   nan  0.59 60.19 -4.06]
{Wed 09:28:37 Step:530933} World_Parser.py: Received field line with NaNs [   nan    nan    nan   3.31 -59.93   9.25]
{Wed 09:34:34 Step:535593} World_Parser.py: Received field line with NaNs [   nan    nan    nan   3.3  -60.06   9.56]
{Wed 09:35:53 Step:536521} World_Parser.py: Received field line with NaNs [ 0.34 59.84 39.81   nan   nan   nan]
{Wed 10:36:59 Step:577401} World_Parser.py: Received field line with NaNs [  nan   nan   nan  9.41 59.95 36.75]
{Wed 11:05:22 Step:596065} World_Parser.py: Received field line with NaNs [   nan    nan    nan  16.77 -60.05 -40.1 ]
{Wed 11:13:36 Step:601829} World_Parser.py: Received field line with NaNs [   nan    nan    nan   3.38 -59.9    8.83]
{Wed 11:37:29 Step:616971} World_Parser.py: Received field line with NaNs [ 0.56 18.04 17.25   nan   nan   nan]
{Wed 11:38:55 Step:618085} World_Parser.py: Received field line with NaNs [  5.    -4.79 -47.02    nan    nan    nan]
{Wed 12:07:47 Step:638007} World_Parser.py: Received field line with NaNs [   nan    nan    nan   3.31 -60.07   5.25]
{Wed 12:09:57 Step:639231} World_Parser.py: Received field line with NaNs [   nan    nan    nan  18.32   1.01 -60.01]
