{Tue 20:10:13 Step:19827} World_Parser.py: Received field line with NaNs [   nan    nan    nan   3.21 -59.83  13.18]
{Tue 21:39:08 Step:74083} World_Parser.py: Received field line with NaNs [   nan    nan    nan  13.58 -11.86 -59.32]
{Tue 22:32:26 Step:110347} World_Parser.py: Received field line with NaNs [  0.77 -28.8  -47.62    nan    nan    nan]
{Tue 22:38:03 Step:113891} World_Parser.py: Received field line with NaNs [   nan    nan    nan  11.83  21.76 -58.31]
{Tue 22:52:34 Step:123457} World_Parser.py: Received field line with NaNs [   nan    nan    nan   3.21 -60.03  13.76]
{Tue 23:06:24 Step:132735} World_Parser.py: Received field line with NaNs [   nan    nan    nan  11.64  -8.67 -59.54]
{Tue 23:58:07 Step:163743} World_Parser.py: Received field line with NaNs [  0.87 -30.01 -50.59    nan    nan    nan]
{Wed 00:09:38 Step:172677} World_Parser.py: Received field line with NaNs [   nan    nan    nan  16.48 -29.74 -56.41]
{Wed 00:41:36 Step:191939} World_Parser.py: Received field line with NaNs [   nan    nan    nan   1.48  -4.69 -60.02]
{Wed 01:10:27 Step:210957} World_Parser.py: Received field line with NaNs [ 13.13  23.09 -57.82    nan    nan    nan]
{Wed 01:15:22 Step:213769} World_Parser.py: Received field line with NaNs [ 4.24 46.23 -5.79   nan   nan   nan]
{Wed 01:53:44 Step:238819} World_Parser.py: Received field line with NaNs [   nan    nan    nan   3.45 -59.98   3.21]
{Wed 02:20:43 Step:257787} World_Parser.py: Received field line with NaNs [ 14.33   3.65 -60.01    nan    nan    nan]
{Wed 02:28:49 Step:262877} World_Parser.py: Received field line with NaNs [  3.01  50.22 -12.17    nan    nan    nan]
{Wed 02:52:49 Step:279139} World_Parser.py: Received field line with NaNs [  2.3  -48.71  12.85    nan    nan    nan]
{Wed 03:07:50 Step:289183} World_Parser.py: Received field line with NaNs [   nan    nan    nan  10.42 -60.25 -10.83]
{Wed 03:41:56 Step:310685} World_Parser.py: Received field line with NaNs [ 0.56 21.06 -2.84   nan   nan   nan]
{Wed 03:52:04 Step:316213} World_Parser.py: Received field line with NaNs [   nan    nan    nan   3.45 -60.07  10.33]
{Wed 05:09:02 Step:364773} World_Parser.py: Received field line with NaNs [   nan    nan    nan   3.17 -59.99  12.61]
{Wed 06:51:12 Step:430171} World_Parser.py: Received field line with NaNs [  nan   nan   nan 10.42 60.01 31.12]
{Wed 07:07:28 Step:440453} World_Parser.py: Received field line with NaNs [  nan   nan   nan  1.42 59.71 27.75]
{Wed 08:04:59 Step:479347} World_Parser.py: Received field line with NaNs [   nan    nan    nan   3.35 -60.08  18.02]
{Wed 08:27:44 Step:494771} World_Parser.py: Received field line with NaNs [   nan    nan    nan   3.29 -59.96   9.11]
{Wed 08:44:42 Step:505427} World_Parser.py: Received field line with NaNs [ 3.2  57.   43.61   nan   nan   nan]
{Wed 09:01:07 Step:514279} World_Parser.py: Received field line with NaNs [   nan    nan    nan   1.77  -3.2  -59.97]
{Wed 09:18:43 Step:524037} World_Parser.py: Received field line with NaNs [   nan    nan    nan   1.73  -4.28 -59.89]
{Wed 09:22:11 Step:526781} World_Parser.py: Received field line with NaNs [  0.69 -32.55  -1.88    nan    nan    nan]
{Wed 09:23:35 Step:527625} World_Parser.py: Received field line with NaNs [   nan    nan    nan   3.27 -60.15   9.21]
{Wed 09:39:11 Step:539143} World_Parser.py: Received field line with NaNs [ 3.14 47.46 47.47   nan   nan   nan]
{Wed 10:44:03 Step:582179} World_Parser.py: Received field line with NaNs [   nan    nan    nan   1.2   60.07 -33.15]
{Wed 11:19:18 Step:605499} World_Parser.py: Received field line with NaNs [   nan    nan    nan  10.03 -60.06 -26.12]
{Wed 11:24:00 Step:608357} World_Parser.py: Received field line with NaNs [   nan    nan    nan   3.3  -60.    10.71]
{Wed 11:29:31 Step:611707} World_Parser.py: Received field line with NaNs [   nan    nan    nan   3.33 -60.06   9.29]
{Wed 11:43:16 Step:620929} World_Parser.py: Received field line with NaNs [  3.    50.28 -12.24    nan    nan    nan]
{Wed 11:43:16 Step:620939} World_Parser.py: Received field line with NaNs [  3.    50.18 -12.24    nan    nan    nan]
{Wed 11:43:16 Step:620943} World_Parser.py: Received field line with NaNs [  2.99  50.12 -10.63    nan    nan    nan]
{Wed 12:27:34 Step:650671} World_Parser.py: Received field line with NaNs [  2.97  50.18 -10.18    nan    nan    nan]
{Wed 12:40:52 Step:659513} World_Parser.py: Received field line with NaNs [   nan    nan    nan  18.38  -2.99 -60.01]
