{Tue 19:45:17 Step:4395} World_Parser.py: Received field line with NaNs [   nan    nan    nan   2.75 -60.11  26.68]
{Tue 19:50:31 Step:6937} World_Parser.py: Received field line with NaNs [   nan    nan    nan  11.45  46.22 -50.4 ]
{Tue 20:02:13 Step:14783} World_Parser.py: Received field line with NaNs [   nan    nan    nan   3.69 -59.82   5.89]
{Tue 20:03:09 Step:15185} World_Parser.py: Received field line with NaNs [   nan    nan    nan   3.34 -59.71   9.13]
{Tue 21:01:10 Step:51253} World_Parser.py: Received field line with NaNs [ 0.29 -0.41 45.66   nan   nan   nan]
{Tue 21:01:30 Step:51643} World_Parser.py: Received field line with NaNs [ 16.38 -36.6  -54.09    nan    nan    nan]
{Tue 21:24:32 Step:64831} World_Parser.py: Received field line with NaNs [  0.85 -35.61 -42.81    nan    nan    nan]
{Tue 21:45:14 Step:78619} World_Parser.py: Received field line with NaNs [ 15.99 -13.52 -47.6     nan    nan    nan]
{Tue 22:26:11 Step:105803} World_Parser.py: Received field line with NaNs [   nan    nan    nan   3.2  -59.76  10.51]
{Tue 22:26:58 Step:106733} World_Parser.py: Received field line with NaNs [   nan    nan    nan  16.39 -15.55 -59.19]
{Tue 22:32:30 Step:110419} World_Parser.py: Received field line with NaNs [   nan    nan    nan   3.13 -60.13   8.89]
{Tue 22:49:08 Step:120777} World_Parser.py: Received field line with NaNs [   nan    nan    nan   3.3  -60.23   9.19]
{Tue 22:56:49 Step:125695} World_Parser.py: Received field line with NaNs [   nan    nan    nan  11.62   3.43 -59.85]
{Tue 23:27:37 Step:145185} World_Parser.py: Received field line with NaNs [  1.38 -47.5    9.39    nan    nan    nan]
{Wed 00:03:19 Step:167853} World_Parser.py: Received field line with NaNs [   nan    nan    nan  16.69 -15.86 -58.86]
{Wed 00:06:43 Step:170407} World_Parser.py: Received field line with NaNs [   nan    nan    nan   2.93 -59.71  22.82]
{Wed 02:04:00 Step:246747} World_Parser.py: Received field line with NaNs [   nan    nan    nan  13.22 -60.02 -35.87]
{Wed 02:08:46 Step:249751} World_Parser.py: Received field line with NaNs [   nan    nan    nan   3.27 -60.08   8.85]
{Wed 02:38:12 Step:269257} World_Parser.py: Received field line with NaNs [ 20.51 -16.97  41.1     nan    nan    nan]
{Wed 03:16:37 Step:294887} World_Parser.py: Received field line with NaNs [   nan    nan    nan  16.59  44.37 -51.06]
{Wed 03:40:37 Step:309929} World_Parser.py: Received field line with NaNs [  0.48 -41.67   6.54    nan    nan    nan]
{Wed 03:45:52 Step:312773} World_Parser.py: Received field line with NaNs [   nan    nan    nan   3.22 -59.92   9.58]
{Wed 04:58:29 Step:357647} World_Parser.py: Received field line with NaNs [ 16.41 -36.12 -53.99    nan    nan    nan]
{Wed 06:04:19 Step:399869} World_Parser.py: Received field line with NaNs [  0.7  -23.79 -22.07    nan    nan    nan]
{Wed 06:35:39 Step:419979} World_Parser.py: Received field line with NaNs [  nan   nan   nan  0.27 59.7   2.37]
{Wed 06:49:09 Step:428973} World_Parser.py: Received field line with NaNs [   nan    nan    nan   3.47 -59.75  10.3 ]
{Wed 07:08:40 Step:441225} World_Parser.py: Received field line with NaNs [   nan    nan    nan   3.51 -59.87  -8.77]
{Wed 07:26:33 Step:452809} World_Parser.py: Received field line with NaNs [   nan    nan    nan  11.04  60.11 -23.14]
{Wed 07:29:37 Step:455111} World_Parser.py: Received field line with NaNs [   nan    nan    nan   3.47 -60.38  10.63]
{Wed 07:35:47 Step:459183} World_Parser.py: Received field line with NaNs [ 14.68  52.45 -46.58    nan    nan    nan]
{Wed 08:02:13 Step:477297} World_Parser.py: Received field line with NaNs [  0.9  -35.94 -45.32    nan    nan    nan]
{Wed 08:42:23 Step:503647} World_Parser.py: Received field line with NaNs [   nan    nan    nan  18.36   0.6  -60.05]
{Wed 10:05:51 Step:558337} World_Parser.py: Received field line with NaNs [   nan    nan    nan   3.41 -59.97   9.55]
{Wed 10:14:15 Step:564031} World_Parser.py: Received field line with NaNs [   nan    nan    nan   3.26 -59.8    9.19]
{Wed 10:23:02 Step:569673} World_Parser.py: Received field line with NaNs [   nan    nan    nan   3.32 -60.02  10.95]
{Wed 10:24:51 Step:570485} World_Parser.py: Received field line with NaNs [  1.13  18.1  -33.41    nan    nan    nan]
{Wed 10:50:27 Step:585901} World_Parser.py: Received field line with NaNs [  0.57 -16.09 -17.99    nan    nan    nan]
{Wed 10:55:48 Step:589573} World_Parser.py: Received field line with NaNs [  nan   nan   nan  1.28 59.92 20.41]
{Wed 11:05:10 Step:595827} World_Parser.py: Received field line with NaNs [   nan    nan    nan   3.33 -59.9    9.35]
{Wed 12:51:59 Step:666861} World_Parser.py: Received field line with NaNs [   nan    nan    nan  18.3    1.82 -60.04]
