{Tue 19:39:36 Step:101} World_Parser.py: Received field line with NaNs [   nan    nan    nan   3.09 -59.86  12.94]
{Tue 20:15:17 Step:22813} World_Parser.py: Received field line with NaNs [   nan    nan    nan   3.26 -60.06   8.92]
{Tue 20:25:12 Step:28707} World_Parser.py: Received field line with NaNs [   nan    nan    nan   3.17 -60.16  16.17]
{Tue 20:58:46 Step:49805} World_Parser.py: Received field line with NaNs [  1.07  18.45 -29.06    nan    nan    nan]
{Tue 21:23:16 Step:64697} World_Parser.py: Received field line with NaNs [   nan    nan    nan   3.27 -59.78  11.83]
{Tue 21:59:11 Step:88827} World_Parser.py: Received field line with NaNs [   nan    nan    nan   1.37 -59.47 -41.19]
{Tue 22:27:50 Step:107081} World_Parser.py: Received field line with NaNs [  0.49 -10.23  41.21    nan    nan    nan]
{Tue 23:02:55 Step:130071} World_Parser.py: Received field line with NaNs [   nan    nan    nan   4.03 -59.89 -37.82]
{Tue 23:25:30 Step:143981} World_Parser.py: Received field line with NaNs [  0.9  -35.53 -46.36    nan    nan    nan]
{Wed 00:04:33 Step:168539} World_Parser.py: Received field line with NaNs [   nan    nan    nan   3.44 -60.04   8.86]
{Wed 00:04:40 Step:168693} World_Parser.py: Received field line with NaNs [   nan    nan    nan   1.2   59.86 -32.59]
{Wed 01:12:36 Step:212503} World_Parser.py: Received field line with NaNs [ 3.34 48.18 45.     nan   nan   nan]
{Wed 01:38:09 Step:228541} World_Parser.py: Received field line with NaNs [   nan    nan    nan   3.07 -59.97   1.72]
{Wed 01:41:56 Step:231035} World_Parser.py: Received field line with NaNs [  2.04 -47.99  15.37    nan    nan    nan]
{Wed 02:20:42 Step:257771} World_Parser.py: Received field line with NaNs [  nan   nan   nan  9.67 60.02 21.33]
{Wed 03:05:57 Step:288307} World_Parser.py: Received field line with NaNs [  0.96 -45.09  -8.01    nan    nan    nan]
{Wed 03:17:53 Step:295653} World_Parser.py: Received field line with NaNs [ 0.57 -2.42 -0.47   nan   nan   nan]
{Wed 04:11:22 Step:327513} World_Parser.py: Received field line with NaNs [   nan    nan    nan   3.36 -59.84  10.34]
{Wed 04:36:59 Step:343743} World_Parser.py: Received field line with NaNs [   nan    nan    nan   3.28 -60.01   9.85]
{Wed 04:51:15 Step:352783} World_Parser.py: Received field line with NaNs [  0.45 -10.51  -0.18    nan    nan    nan]
{Wed 05:25:28 Step:374637} World_Parser.py: Received field line with NaNs [   nan    nan    nan  14.89 -60.08 -38.93]
{Wed 07:32:13 Step:456883} World_Parser.py: Received field line with NaNs [   nan    nan    nan   3.17 -59.97   8.92]
{Wed 07:39:31 Step:461657} World_Parser.py: Received field line with NaNs [ 0.82 10.34 14.77   nan   nan   nan]
{Wed 08:11:37 Step:483727} World_Parser.py: Received field line with NaNs [   nan    nan    nan  16.11   6.29 -59.95]
{Wed 08:35:56 Step:500007} World_Parser.py: Received field line with NaNs [19.76 -0.05 14.51   nan   nan   nan]
{Wed 08:48:10 Step:507213} World_Parser.py: Received field line with NaNs [   nan    nan    nan   3.09 -60.29  15.98]
{Wed 08:59:17 Step:513599} World_Parser.py: Received field line with NaNs [  0.19 -19.19  40.98    nan    nan    nan]
{Wed 09:08:09 Step:518027} World_Parser.py: Received field line with NaNs [   nan    nan    nan  11.81   6.39 -59.84]
{Wed 09:46:20 Step:543757} World_Parser.py: Received field line with NaNs [   nan    nan    nan   3.23 -59.96   9.11]
{Wed 11:26:15 Step:610139} World_Parser.py: Received field line with NaNs [   nan    nan    nan   3.18 -60.2    8.96]
{Wed 11:38:52 Step:618037} World_Parser.py: Received field line with NaNs [   nan    nan    nan   3.65 -59.83  17.02]
{Wed 12:46:12 Step:662487} World_Parser.py: Received field line with NaNs [   nan    nan    nan   3.36 -59.79  10.21]
{Wed 12:46:18 Step:662595} World_Parser.py: Received field line with NaNs [   nan    nan    nan   3.35 -60.12   9.57]
{Wed 12:49:42 Step:665431} World_Parser.py: Received field line with NaNs [   nan    nan    nan   3.26 -59.81  18.63]
