{Thu 13:35:16 Step:2} Server_Comm.py: The agent lost 1 packet! Is syncmode enabled?
{Thu 13:35:16 Step:16} Server_Comm.py: The agent lost 1 packet! Is syncmode enabled?
{Thu 13:35:16 Step:18} Server_Comm.py: The agent lost 1 packet! Is syncmode enabled?
{Thu 13:35:16 Step:19} Server_Comm.py: Received a new packet while on world.update()!
{Thu 13:35:16 Step:22} Server_Comm.py: The agent lost 1 packet! Is syncmode enabled?
{Thu 13:35:17 Step:27} Server_Comm.py: The agent lost 1 packet! Is syncmode enabled?
{Thu 13:35:17 Step:33} Server_Comm.py: The agent lost 1 packet! Is syncmode enabled?
{Thu 13:35:17 Step:36} Server_Comm.py: The agent lost 1 packet! Is syncmode enabled?
{Thu 13:35:17 Step:36} Server_Comm.py: Received a new packet while thinking!
{Thu 13:35:17 Step:40} Server_Comm.py: The agent lost 3 consecutive packets! Is syncmode disabled?
{Thu 13:35:17 Step:40} Server_Comm.py: Received a new packet while thinking!
{Thu 13:35:17 Step:44} Server_Comm.py: The agent lost 3 consecutive packets! Is syncmode disabled?
{Thu 13:35:17 Step:44} Server_Comm.py: Received a new packet while thinking!
{Thu 13:35:17 Step:47} Server_Comm.py: The agent lost 2 consecutive packets! Is syncmode disabled?
{Thu 13:35:17 Step:47} Server_Comm.py: Received a new packet while thinking!
{Thu 13:35:17 Step:50} Server_Comm.py: The agent lost 2 consecutive packets! Is syncmode disabled?
{Thu 13:35:17 Step:50} Server_Comm.py: Received a new packet while thinking!
{Thu 13:35:17 Step:52} Server_Comm.py: The agent lost 1 packet! Is syncmode enabled?
{Thu 13:35:17 Step:52} Server_Comm.py: Received a new packet while thinking!
{Thu 13:35:17 Step:55} Server_Comm.py: The agent lost 2 consecutive packets! Is syncmode disabled?
{Thu 13:35:17 Step:55} Server_Comm.py: Received a new packet while on world.update()!
{Thu 13:35:17 Step:56} Server_Comm.py: Received a new packet while thinking!
{Thu 13:35:17 Step:59} Server_Comm.py: The agent lost 2 consecutive packets! Is syncmode disabled?
{Thu 13:35:17 Step:59} Server_Comm.py: Received a new packet while thinking!
{Thu 13:35:17 Step:62} Server_Comm.py: The agent lost 2 consecutive packets! Is syncmode disabled?
{Thu 13:35:17 Step:62} Server_Comm.py: Received a new packet while on world.update()!
{Thu 13:35:17 Step:63} Server_Comm.py: Received a new packet while thinking!
{Thu 13:35:17 Step:65} Server_Comm.py: The agent lost 1 packet! Is syncmode enabled?
{Thu 13:35:17 Step:65} Server_Comm.py: Received a new packet while on world.update()!
{Thu 13:35:17 Step:66} Server_Comm.py: Received a new packet while thinking!
{Thu 13:35:17 Step:68} Server_Comm.py: The agent lost 1 packet! Is syncmode enabled?
{Thu 13:35:17 Step:68} Server_Comm.py: Received a new packet while thinking!
{Thu 13:35:17 Step:71} Server_Comm.py: The agent lost 2 consecutive packets! Is syncmode disabled?
{Thu 13:35:18 Step:71} Server_Comm.py: Received a new packet while thinking!
{Thu 13:35:18 Step:74} Server_Comm.py: The agent lost 2 consecutive packets! Is syncmode disabled?
{Thu 13:35:18 Step:74} Server_Comm.py: Received a new packet while thinking!
{Thu 13:35:18 Step:76} Server_Comm.py: The agent lost 1 packet! Is syncmode enabled?
{Thu 13:35:18 Step:76} Server_Comm.py: Received a new packet while thinking!
{Thu 13:35:18 Step:79} Server_Comm.py: The agent lost 2 consecutive packets! Is syncmode disabled?
{Thu 13:35:18 Step:79} Server_Comm.py: Received a new packet while thinking!
{Thu 13:35:18 Step:82} Server_Comm.py: The agent lost 2 consecutive packets! Is syncmode disabled?
{Thu 13:35:18 Step:82} Server_Comm.py: Received a new packet while thinking!
{Thu 13:35:18 Step:84} Server_Comm.py: The agent lost 1 packet! Is syncmode enabled?
{Thu 13:35:18 Step:84} Server_Comm.py: Received a new packet while thinking!
{Thu 13:35:18 Step:87} Server_Comm.py: The agent lost 2 consecutive packets! Is syncmode disabled?
{Thu 13:35:18 Step:87} Server_Comm.py: Received a new packet while thinking!
{Thu 13:35:18 Step:90} Server_Comm.py: The agent lost 2 consecutive packets! Is syncmode disabled?
{Thu 13:35:18 Step:90} Server_Comm.py: Received a new packet while thinking!
{Thu 13:35:18 Step:92} Server_Comm.py: The agent lost 1 packet! Is syncmode enabled?
{Thu 13:35:18 Step:92} Server_Comm.py: Received a new packet while thinking!
{Thu 13:35:18 Step:95} Server_Comm.py: The agent lost 2 consecutive packets! Is syncmode disabled?
{Thu 13:35:18 Step:95} Server_Comm.py: Received a new packet while thinking!
{Thu 13:35:18 Step:98} Server_Comm.py: The agent lost 2 consecutive packets! Is syncmode disabled?
{Thu 13:35:18 Step:98} Server_Comm.py: Received a new packet while thinking!
{Thu 13:35:18 Step:100} Server_Comm.py: The agent lost 1 packet! Is syncmode enabled?
{Thu 13:35:18 Step:100} Server_Comm.py: Received a new packet while thinking!
{Thu 13:35:18 Step:103} Server_Comm.py: The agent lost 2 consecutive packets! Is syncmode disabled?
{Thu 13:35:18 Step:103} Server_Comm.py: Received a new packet while on world.update()!
{Thu 13:35:18 Step:104} Server_Comm.py: Received a new packet while thinking!
{Thu 13:35:18 Step:106} Server_Comm.py: The agent lost 1 packet! Is syncmode enabled?
{Thu 13:35:18 Step:106} Server_Comm.py: Received a new packet while on world.update()!
{Thu 13:35:18 Step:107} Server_Comm.py: Received a new packet while thinking!
{Thu 13:35:18 Step:110} Server_Comm.py: The agent lost 2 consecutive packets! Is syncmode disabled?
{Thu 13:35:18 Step:110} Server_Comm.py: Received a new packet while thinking!
{Thu 13:35:18 Step:113} Server_Comm.py: The agent lost 2 consecutive packets! Is syncmode disabled?
{Thu 13:35:18 Step:113} Server_Comm.py: Received a new packet while thinking!
{Thu 13:35:18 Step:116} Server_Comm.py: The agent lost 2 consecutive packets! Is syncmode disabled?
{Thu 13:35:18 Step:116} Server_Comm.py: Received a new packet while thinking!
{Thu 13:35:18 Step:118} Server_Comm.py: The agent lost 1 packet! Is syncmode enabled?
{Thu 13:35:18 Step:118} Server_Comm.py: Received a new packet while thinking!
{Thu 13:35:18 Step:121} Server_Comm.py: The agent lost 2 consecutive packets! Is syncmode disabled?
{Thu 13:35:19 Step:121} Server_Comm.py: Received a new packet while thinking!
{Thu 13:35:19 Step:125} Server_Comm.py: The agent lost 3 consecutive packets! Is syncmode disabled?
{Thu 13:35:19 Step:125} Server_Comm.py: Received a new packet while thinking!
{Thu 13:35:19 Step:128} Server_Comm.py: The agent lost 2 consecutive packets! Is syncmode disabled?
{Thu 13:35:19 Step:128} Server_Comm.py: Received a new packet while thinking!
{Thu 13:35:19 Step:132} Server_Comm.py: The agent lost 3 consecutive packets! Is syncmode disabled?
{Thu 13:35:19 Step:132} Server_Comm.py: Received a new packet while thinking!
{Thu 13:35:19 Step:136} Server_Comm.py: The agent lost 3 consecutive packets! Is syncmode disabled?
{Thu 13:35:19 Step:136} Server_Comm.py: Received a new packet while thinking!
{Thu 13:35:19 Step:141} Server_Comm.py: The agent lost 4 consecutive packets! Is syncmode disabled?
{Thu 13:35:19 Step:141} Server_Comm.py: Received a new packet while thinking!
{Thu 13:35:19 Step:144} Server_Comm.py: The agent lost 2 consecutive packets! Is syncmode disabled?
{Thu 13:35:19 Step:144} Server_Comm.py: Received a new packet while thinking!
{Thu 13:35:19 Step:148} Server_Comm.py: The agent lost 3 consecutive packets! Is syncmode disabled?
{Thu 13:35:19 Step:148} Server_Comm.py: Received a new packet while thinking!
{Thu 13:35:19 Step:153} Server_Comm.py: The agent lost 4 consecutive packets! Is syncmode disabled?
{Thu 13:35:19 Step:153} Server_Comm.py: Received a new packet while thinking!
{Thu 13:35:19 Step:156} Server_Comm.py: The agent lost 2 consecutive packets! Is syncmode disabled?
{Thu 13:35:19 Step:156} Server_Comm.py: Received a new packet while thinking!
{Thu 13:35:19 Step:159} Server_Comm.py: The agent lost 2 consecutive packets! Is syncmode disabled?
{Thu 13:35:19 Step:159} Server_Comm.py: Received a new packet while on world.update()!
{Thu 13:35:19 Step:160} Server_Comm.py: Received a new packet while thinking!
{Thu 13:35:19 Step:163} Server_Comm.py: The agent lost 2 consecutive packets! Is syncmode disabled?
{Thu 13:35:19 Step:163} Server_Comm.py: Received a new packet while thinking!
{Thu 13:35:19 Step:167} Server_Comm.py: The agent lost 3 consecutive packets! Is syncmode disabled?
{Thu 13:35:19 Step:167} Server_Comm.py: Received a new packet while thinking!
{Thu 13:35:19 Step:169} Server_Comm.py: The agent lost 1 packet! Is syncmode enabled?
{Thu 13:35:19 Step:169} Server_Comm.py: Received a new packet while thinking!
{Thu 13:35:19 Step:171} Server_Comm.py: The agent lost 1 packet! Is syncmode enabled?
{Thu 13:35:20 Step:171} Server_Comm.py: Received a new packet while on world.update()!
{Thu 13:35:20 Step:172} Server_Comm.py: Received a new packet while thinking!
{Thu 13:35:20 Step:174} Server_Comm.py: The agent lost 1 packet! Is syncmode enabled?
{Thu 13:35:20 Step:174} Server_Comm.py: Received a new packet while thinking!
{Thu 13:35:20 Step:176} Server_Comm.py: The agent lost 1 packet! Is syncmode enabled?
{Thu 13:35:20 Step:176} Server_Comm.py: Received a new packet while thinking!
{Thu 13:35:20 Step:178} Server_Comm.py: The agent lost 1 packet! Is syncmode enabled?
{Thu 13:35:20 Step:178} Server_Comm.py: Received a new packet while thinking!
{Thu 13:35:20 Step:180} Server_Comm.py: The agent lost 1 packet! Is syncmode enabled?
{Thu 13:35:20 Step:180} Server_Comm.py: Received a new packet while thinking!
{Thu 13:35:20 Step:182} Server_Comm.py: The agent lost 1 packet! Is syncmode enabled?
{Thu 13:35:20 Step:182} Server_Comm.py: Received a new packet while thinking!
{Thu 13:35:20 Step:188} Server_Comm.py: The agent lost 5 consecutive packets! Is syncmode disabled?
{Thu 13:35:20 Step:188} Server_Comm.py: Received a new packet while thinking!
{Thu 13:35:20 Step:191} Server_Comm.py: The agent lost 2 consecutive packets! Is syncmode disabled?
{Thu 13:35:20 Step:191} Server_Comm.py: Received a new packet while thinking!
{Thu 13:35:20 Step:193} Server_Comm.py: The agent lost 1 packet! Is syncmode enabled?
{Thu 13:35:20 Step:193} Server_Comm.py: Received a new packet while thinking!
{Thu 13:35:20 Step:195} Server_Comm.py: The agent lost 1 packet! Is syncmode enabled?
{Thu 13:35:20 Step:195} Server_Comm.py: Received a new packet while thinking!
{Thu 13:35:20 Step:197} Server_Comm.py: The agent lost 1 packet! Is syncmode enabled?
{Thu 13:35:20 Step:197} Server_Comm.py: Received a new packet while on world.update()!
{Thu 13:35:20 Step:198} Server_Comm.py: Received a new packet while thinking!
{Thu 13:35:20 Step:200} Server_Comm.py: The agent lost 1 packet! Is syncmode enabled?
{Thu 13:35:20 Step:200} Server_Comm.py: Received a new packet while thinking!
{Thu 13:35:20 Step:201} Server_Comm.py: Received a new packet while on world.update()!
{Thu 13:35:20 Step:202} Server_Comm.py: Received a new packet while thinking!
{Thu 13:35:20 Step:204} Server_Comm.py: The agent lost 1 packet! Is syncmode enabled?
{Thu 13:35:20 Step:204} Server_Comm.py: Received a new packet while thinking!
{Thu 13:35:20 Step:205} Server_Comm.py: Received a new packet while on world.update()!
{Thu 13:35:20 Step:206} Server_Comm.py: Received a new packet while thinking!
{Thu 13:35:20 Step:208} Server_Comm.py: The agent lost 1 packet! Is syncmode enabled?
{Thu 13:35:20 Step:208} Server_Comm.py: Received a new packet while thinking!
{Thu 13:35:20 Step:210} Server_Comm.py: The agent lost 1 packet! Is syncmode enabled?
{Thu 13:35:20 Step:210} Server_Comm.py: Received a new packet while thinking!
{Thu 13:35:20 Step:212} Server_Comm.py: The agent lost 1 packet! Is syncmode enabled?
{Thu 13:35:20 Step:212} Server_Comm.py: Received a new packet while thinking!
{Thu 13:35:20 Step:214} Server_Comm.py: The agent lost 1 packet! Is syncmode enabled?
{Thu 13:35:20 Step:214} Server_Comm.py: Received a new packet while thinking!
{Thu 13:35:20 Step:215} Server_Comm.py: Received a new packet while on world.update()!
{Thu 13:35:20 Step:216} Server_Comm.py: Received a new packet while thinking!
{Thu 13:35:20 Step:217} Server_Comm.py: Received a new packet while thinking!
{Thu 13:35:20 Step:219} Server_Comm.py: The agent lost 1 packet! Is syncmode enabled?
{Thu 13:35:20 Step:219} Server_Comm.py: Received a new packet while thinking!
{Thu 13:35:21 Step:221} Server_Comm.py: The agent lost 1 packet! Is syncmode enabled?
{Thu 13:35:21 Step:221} Server_Comm.py: Received a new packet while thinking!
{Thu 13:35:21 Step:223} Server_Comm.py: The agent lost 1 packet! Is syncmode enabled?
{Thu 13:35:21 Step:223} Server_Comm.py: Received a new packet while thinking!
{Thu 13:35:21 Step:225} Server_Comm.py: The agent lost 1 packet! Is syncmode enabled?
{Thu 13:35:21 Step:225} Server_Comm.py: Received a new packet while on world.update()!
{Thu 13:35:21 Step:226} Server_Comm.py: Received a new packet while thinking!
{Thu 13:35:21 Step:228} Server_Comm.py: The agent lost 1 packet! Is syncmode enabled?
{Thu 13:35:21 Step:228} Server_Comm.py: Received a new packet while thinking!
{Thu 13:35:21 Step:229} Server_Comm.py: Received a new packet while on world.update()!
{Thu 13:35:21 Step:230} Server_Comm.py: Received a new packet while thinking!
{Thu 13:35:21 Step:231} Server_Comm.py: Received a new packet while on world.update()!
{Thu 13:35:21 Step:232} Server_Comm.py: Received a new packet while thinking!
{Thu 13:35:21 Step:233} Server_Comm.py: Received a new packet while on world.update()!
{Thu 13:35:21 Step:234} Server_Comm.py: Received a new packet while thinking!
{Thu 13:35:21 Step:235} Server_Comm.py: Received a new packet while on world.update()!
{Thu 13:35:21 Step:236} Server_Comm.py: Received a new packet while thinking!
{Thu 13:35:21 Step:237} Server_Comm.py: Received a new packet while thinking!
{Thu 13:35:21 Step:239} Server_Comm.py: The agent lost 1 packet! Is syncmode enabled?
{Thu 13:35:21 Step:239} Server_Comm.py: Received a new packet while on world.update()!
{Thu 13:35:21 Step:240} Server_Comm.py: Received a new packet while thinking!
{Thu 13:35:21 Step:242} Server_Comm.py: The agent lost 1 packet! Is syncmode enabled?
{Thu 13:35:21 Step:242} Server_Comm.py: Received a new packet while thinking!
{Thu 13:35:21 Step:243} Server_Comm.py: Received a new packet while on world.update()!
{Thu 13:35:21 Step:244} Server_Comm.py: Received a new packet while thinking!
{Thu 13:35:21 Step:246} Server_Comm.py: The agent lost 1 packet! Is syncmode enabled?
{Thu 13:35:21 Step:246} Server_Comm.py: Received a new packet while thinking!
{Thu 13:35:21 Step:248} Server_Comm.py: The agent lost 1 packet! Is syncmode enabled?
{Thu 13:35:21 Step:248} Server_Comm.py: Received a new packet while thinking!
{Thu 13:35:21 Step:249} Server_Comm.py: Received a new packet while on world.update()!
{Thu 13:35:21 Step:250} Server_Comm.py: Received a new packet while thinking!
{Thu 13:35:21 Step:252} Server_Comm.py: The agent lost 1 packet! Is syncmode enabled?
{Thu 13:35:21 Step:252} Server_Comm.py: Received a new packet while thinking!
{Thu 13:35:21 Step:254} Server_Comm.py: The agent lost 1 packet! Is syncmode enabled?
{Thu 13:35:21 Step:258} Server_Comm.py: The agent lost 1 packet! Is syncmode enabled?
{Thu 13:35:21 Step:260} Server_Comm.py: The agent lost 1 packet! Is syncmode enabled?
{Thu 13:35:21 Step:262} Server_Comm.py: The agent lost 1 packet! Is syncmode enabled?
{Thu 13:35:21 Step:264} Server_Comm.py: The agent lost 1 packet! Is syncmode enabled?
{Thu 13:35:21 Step:264} Server_Comm.py: Received a new packet while on world.update()!
{Thu 13:35:21 Step:268} Server_Comm.py: The agent lost 1 packet! Is syncmode enabled?
{Thu 13:35:21 Step:270} Server_Comm.py: The agent lost 1 packet! Is syncmode enabled?
{Thu 13:35:22 Step:273} Server_Comm.py: The agent lost 1 packet! Is syncmode enabled?
{Thu 13:35:22 Step:275} Server_Comm.py: The agent lost 1 packet! Is syncmode enabled?
{Thu 13:35:22 Step:277} Server_Comm.py: The agent lost 1 packet! Is syncmode enabled?
{Thu 13:35:22 Step:279} Server_Comm.py: The agent lost 1 packet! Is syncmode enabled?
{Thu 13:35:22 Step:281} Server_Comm.py: The agent lost 1 packet! Is syncmode enabled?
{Thu 13:35:22 Step:283} Server_Comm.py: The agent lost 1 packet! Is syncmode enabled?
{Thu 13:35:22 Step:283} Server_Comm.py: Received a new packet while thinking!
{Thu 13:35:22 Step:285} Server_Comm.py: The agent lost 1 packet! Is syncmode enabled?
{Thu 13:35:22 Step:285} Server_Comm.py: Received a new packet while on world.update()!
{Thu 13:35:22 Step:286} Server_Comm.py: Received a new packet while thinking!
{Thu 13:35:22 Step:287} Server_Comm.py: Received a new packet while on world.update()!
{Thu 13:35:22 Step:288} Server_Comm.py: Received a new packet while thinking!
{Thu 13:35:22 Step:289} Server_Comm.py: Received a new packet while thinking!
{Thu 13:35:22 Step:291} Server_Comm.py: The agent lost 1 packet! Is syncmode enabled?
{Thu 13:35:22 Step:291} Server_Comm.py: Received a new packet while thinking!
{Thu 13:35:22 Step:294} Server_Comm.py: The agent lost 2 consecutive packets! Is syncmode disabled?
{Thu 13:35:22 Step:294} Server_Comm.py: Received a new packet while thinking!
{Thu 13:35:22 Step:296} Server_Comm.py: The agent lost 1 packet! Is syncmode enabled?
{Thu 13:35:22 Step:296} Server_Comm.py: Received a new packet while thinking!
{Thu 13:35:22 Step:299} Server_Comm.py: The agent lost 2 consecutive packets! Is syncmode disabled?
{Thu 13:35:22 Step:299} Server_Comm.py: Received a new packet while on world.update()!
{Thu 13:35:22 Step:300} Server_Comm.py: Received a new packet while thinking!
{Thu 13:35:22 Step:302} Server_Comm.py: The agent lost 1 packet! Is syncmode enabled?
{Thu 13:35:22 Step:302} Server_Comm.py: Received a new packet while on world.update()!
{Thu 13:35:22 Step:303} Server_Comm.py: Received a new packet while thinking!
{Thu 13:35:22 Step:306} Server_Comm.py: The agent lost 2 consecutive packets! Is syncmode disabled?
{Thu 13:35:22 Step:306} Server_Comm.py: Received a new packet while thinking!
{Thu 13:35:22 Step:308} Server_Comm.py: The agent lost 1 packet! Is syncmode enabled?
{Thu 13:35:22 Step:308} Server_Comm.py: Received a new packet while thinking!
{Thu 13:35:22 Step:310} Server_Comm.py: The agent lost 1 packet! Is syncmode enabled?
{Thu 13:35:22 Step:310} Server_Comm.py: Received a new packet while thinking!
{Thu 13:35:22 Step:312} Server_Comm.py: The agent lost 1 packet! Is syncmode enabled?
{Thu 13:35:22 Step:312} Server_Comm.py: Received a new packet while thinking!
{Thu 13:35:22 Step:314} Server_Comm.py: The agent lost 1 packet! Is syncmode enabled?
{Thu 13:35:22 Step:314} Server_Comm.py: Received a new packet while thinking!
{Thu 13:35:22 Step:315} Server_Comm.py: Received a new packet while on world.update()!
{Thu 13:35:22 Step:316} Server_Comm.py: Received a new packet while thinking!
{Thu 13:35:22 Step:317} Server_Comm.py: Received a new packet while thinking!
{Thu 13:35:22 Step:319} Server_Comm.py: The agent lost 1 packet! Is syncmode enabled?
{Thu 13:35:22 Step:319} Server_Comm.py: Received a new packet while thinking!
{Thu 13:35:23 Step:321} Server_Comm.py: The agent lost 1 packet! Is syncmode enabled?
{Thu 13:35:23 Step:321} Server_Comm.py: Received a new packet while thinking!
{Thu 13:35:23 Step:322} Server_Comm.py: Received a new packet while thinking!
{Thu 13:35:23 Step:324} Server_Comm.py: The agent lost 1 packet! Is syncmode enabled?
{Thu 13:35:23 Step:324} Server_Comm.py: Received a new packet while thinking!
{Thu 13:35:23 Step:325} Server_Comm.py: Received a new packet while on world.update()!
{Thu 13:35:23 Step:326} Server_Comm.py: Received a new packet while thinking!
{Thu 13:35:23 Step:327} Server_Comm.py: Received a new packet while thinking!
{Thu 13:35:23 Step:329} Server_Comm.py: The agent lost 1 packet! Is syncmode enabled?
{Thu 13:35:23 Step:329} Server_Comm.py: Received a new packet while on world.update()!
{Thu 13:35:23 Step:330} Server_Comm.py: Received a new packet while thinking!
{Thu 13:35:23 Step:331} Server_Comm.py: Received a new packet while on world.update()!
{Thu 13:35:23 Step:332} Server_Comm.py: Received a new packet while thinking!
{Thu 13:35:23 Step:334} Server_Comm.py: The agent lost 1 packet! Is syncmode enabled?
{Thu 13:35:23 Step:334} Server_Comm.py: Received a new packet while thinking!
{Thu 13:35:23 Step:335} Server_Comm.py: Received a new packet while thinking!
{Thu 13:35:23 Step:337} Server_Comm.py: The agent lost 1 packet! Is syncmode enabled?
{Thu 13:35:23 Step:337} Server_Comm.py: Received a new packet while thinking!
{Thu 13:35:23 Step:339} Server_Comm.py: The agent lost 1 packet! Is syncmode enabled?
{Thu 13:35:23 Step:339} Server_Comm.py: Received a new packet while thinking!
{Thu 13:35:23 Step:340} Server_Comm.py: Received a new packet while on world.update()!
{Thu 13:35:23 Step:341} Server_Comm.py: Received a new packet while thinking!
{Thu 13:35:23 Step:342} Server_Comm.py: Received a new packet while on world.update()!
{Thu 13:35:23 Step:343} Server_Comm.py: Received a new packet while thinking!
{Thu 13:35:23 Step:344} Server_Comm.py: Received a new packet while thinking!
{Thu 13:35:23 Step:346} Server_Comm.py: The agent lost 1 packet! Is syncmode enabled?
{Thu 13:35:23 Step:346} Server_Comm.py: Received a new packet while thinking!
{Thu 13:35:23 Step:347} Server_Comm.py: Received a new packet while thinking!
{Thu 13:35:23 Step:349} Server_Comm.py: The agent lost 1 packet! Is syncmode enabled?
{Thu 13:35:23 Step:349} Server_Comm.py: Received a new packet while thinking!
{Thu 13:35:23 Step:350} Server_Comm.py: Received a new packet while on world.update()!
{Thu 13:35:23 Step:351} Server_Comm.py: Received a new packet while thinking!
{Thu 13:35:23 Step:352} Server_Comm.py: Received a new packet while thinking!
{Thu 13:35:23 Step:354} Server_Comm.py: The agent lost 1 packet! Is syncmode enabled?
{Thu 13:35:23 Step:354} Server_Comm.py: Received a new packet while thinking!
{Thu 13:35:23 Step:355} Server_Comm.py: Received a new packet while thinking!
{Thu 13:35:23 Step:357} Server_Comm.py: The agent lost 1 packet! Is syncmode enabled?
{Thu 13:35:23 Step:357} Server_Comm.py: Received a new packet while thinking!
{Thu 13:35:23 Step:358} Server_Comm.py: Received a new packet while thinking!
{Thu 13:35:23 Step:360} Server_Comm.py: The agent lost 1 packet! Is syncmode enabled?
{Thu 13:35:23 Step:360} Server_Comm.py: Received a new packet while thinking!
{Thu 13:35:23 Step:361} Server_Comm.py: Received a new packet while thinking!
{Thu 13:35:23 Step:363} Server_Comm.py: The agent lost 1 packet! Is syncmode enabled?
{Thu 13:35:23 Step:363} Server_Comm.py: Received a new packet while thinking!
{Thu 13:35:23 Step:364} Server_Comm.py: Received a new packet while thinking!
{Thu 13:35:23 Step:366} Server_Comm.py: The agent lost 1 packet! Is syncmode enabled?
{Thu 13:35:24 Step:370} Server_Comm.py: The agent lost 1 packet! Is syncmode enabled?
{Thu 13:35:24 Step:373} Server_Comm.py: The agent lost 1 packet! Is syncmode enabled?
{Thu 13:35:24 Step:375} Server_Comm.py: The agent lost 1 packet! Is syncmode enabled?
{Thu 13:35:24 Step:378} Server_Comm.py: The agent lost 1 packet! Is syncmode enabled?
{Thu 13:35:24 Step:381} Server_Comm.py: The agent lost 1 packet! Is syncmode enabled?
{Thu 13:35:24 Step:383} Server_Comm.py: The agent lost 1 packet! Is syncmode enabled?
{Thu 13:35:24 Step:383} Server_Comm.py: Received a new packet while thinking!
{Thu 13:35:24 Step:386} Server_Comm.py: The agent lost 2 consecutive packets! Is syncmode disabled?
{Thu 13:35:24 Step:386} Server_Comm.py: Received a new packet while thinking!
{Thu 13:35:24 Step:387} Server_Comm.py: Received a new packet while on world.update()!
{Thu 13:35:24 Step:388} Server_Comm.py: Received a new packet while thinking!
{Thu 13:35:24 Step:389} Server_Comm.py: Received a new packet while on world.update()!
{Thu 13:35:24 Step:390} Server_Comm.py: Received a new packet while thinking!
{Thu 13:35:24 Step:391} Server_Comm.py: Received a new packet while on world.update()!
{Thu 13:35:24 Step:392} Server_Comm.py: Received a new packet while thinking!
{Thu 13:35:24 Step:393} Server_Comm.py: Received a new packet while on world.update()!
{Thu 13:35:24 Step:394} Server_Comm.py: Received a new packet while thinking!
{Thu 13:35:24 Step:395} Server_Comm.py: Received a new packet while on world.update()!
{Thu 13:35:24 Step:396} Server_Comm.py: Received a new packet while thinking!
{Thu 13:35:24 Step:397} Server_Comm.py: Received a new packet while on world.update()!
{Thu 13:35:24 Step:398} Server_Comm.py: Received a new packet while thinking!
{Thu 13:35:24 Step:399} Server_Comm.py: Received a new packet while thinking!
{Thu 13:35:24 Step:401} Server_Comm.py: The agent lost 1 packet! Is syncmode enabled?
{Thu 13:35:24 Step:401} Server_Comm.py: Received a new packet while thinking!
{Thu 13:35:24 Step:403} Server_Comm.py: The agent lost 1 packet! Is syncmode enabled?
{Thu 13:35:24 Step:403} Server_Comm.py: Received a new packet while thinking!
{Thu 13:35:24 Step:404} Server_Comm.py: Received a new packet while on world.update()!
{Thu 13:35:24 Step:405} Server_Comm.py: Received a new packet while thinking!
{Thu 13:35:24 Step:406} Server_Comm.py: Received a new packet while thinking!
{Thu 13:35:24 Step:408} Server_Comm.py: The agent lost 1 packet! Is syncmode enabled?
{Thu 13:35:24 Step:408} Server_Comm.py: Received a new packet while thinking!
{Thu 13:35:24 Step:409} Server_Comm.py: Received a new packet while thinking!
{Thu 13:35:24 Step:411} Server_Comm.py: The agent lost 1 packet! Is syncmode enabled?
{Thu 13:35:24 Step:411} Server_Comm.py: Received a new packet while thinking!
{Thu 13:35:24 Step:412} Server_Comm.py: Received a new packet while thinking!
{Thu 13:35:24 Step:414} Server_Comm.py: The agent lost 1 packet! Is syncmode enabled?
{Thu 13:35:24 Step:414} Server_Comm.py: Received a new packet while thinking!
{Thu 13:35:24 Step:415} Server_Comm.py: Received a new packet while thinking!
{Thu 13:35:24 Step:419} Server_Comm.py: The agent lost 3 consecutive packets! Is syncmode disabled?
{Thu 13:35:25 Step:419} Server_Comm.py: Received a new packet while on world.update()!
{Thu 13:35:25 Step:420} Server_Comm.py: Received a new packet while thinking!
{Thu 13:35:25 Step:423} Server_Comm.py: The agent lost 2 consecutive packets! Is syncmode disabled?
{Thu 13:35:25 Step:423} Server_Comm.py: Received a new packet while thinking!
{Thu 13:35:25 Step:425} Server_Comm.py: The agent lost 1 packet! Is syncmode enabled?
{Thu 13:35:25 Step:425} Server_Comm.py: Received a new packet while on world.update()!
{Thu 13:35:25 Step:426} Server_Comm.py: Received a new packet while thinking!
{Thu 13:35:25 Step:427} Server_Comm.py: Received a new packet while thinking!
{Thu 13:35:25 Step:429} Server_Comm.py: The agent lost 1 packet! Is syncmode enabled?
{Thu 13:35:25 Step:429} Server_Comm.py: Received a new packet while thinking!
{Thu 13:35:25 Step:430} Server_Comm.py: Received a new packet while thinking!
{Thu 13:35:25 Step:431} Server_Comm.py: Received a new packet while on world.update()!
{Thu 13:35:25 Step:432} Server_Comm.py: Received a new packet while thinking!
{Thu 13:35:25 Step:433} Server_Comm.py: Received a new packet while thinking!
{Thu 13:35:25 Step:435} Server_Comm.py: The agent lost 1 packet! Is syncmode enabled?
{Thu 13:35:25 Step:435} Server_Comm.py: Received a new packet while thinking!
{Thu 13:35:25 Step:437} Server_Comm.py: The agent lost 1 packet! Is syncmode enabled?
{Thu 13:35:25 Step:437} Server_Comm.py: Received a new packet while thinking!
{Thu 13:35:25 Step:440} Server_Comm.py: The agent lost 2 consecutive packets! Is syncmode disabled?
{Thu 13:35:25 Step:440} Server_Comm.py: Received a new packet while thinking!
{Thu 13:35:25 Step:442} Server_Comm.py: The agent lost 1 packet! Is syncmode enabled?
{Thu 13:35:25 Step:442} Server_Comm.py: Received a new packet while thinking!
{Thu 13:35:25 Step:444} Server_Comm.py: The agent lost 1 packet! Is syncmode enabled?
{Thu 13:35:25 Step:444} Server_Comm.py: Received a new packet while thinking!
{Thu 13:35:25 Step:446} Server_Comm.py: The agent lost 1 packet! Is syncmode enabled?
{Thu 13:35:25 Step:446} Server_Comm.py: Received a new packet while on world.update()!
{Thu 13:35:25 Step:447} Server_Comm.py: Received a new packet while thinking!
{Thu 13:35:25 Step:450} Server_Comm.py: The agent lost 2 consecutive packets! Is syncmode disabled?
{Thu 13:35:25 Step:450} Server_Comm.py: Received a new packet while thinking!
{Thu 13:35:25 Step:451} Server_Comm.py: Received a new packet while on world.update()!
{Thu 13:35:25 Step:452} Server_Comm.py: Received a new packet while thinking!
{Thu 13:35:25 Step:454} Server_Comm.py: The agent lost 1 packet! Is syncmode enabled?
{Thu 13:35:25 Step:454} Server_Comm.py: Received a new packet while thinking!
{Thu 13:35:25 Step:456} Server_Comm.py: The agent lost 1 packet! Is syncmode enabled?
{Thu 13:35:25 Step:456} Server_Comm.py: Received a new packet while thinking!
{Thu 13:35:25 Step:458} Server_Comm.py: The agent lost 1 packet! Is syncmode enabled?
{Thu 13:35:25 Step:458} Server_Comm.py: Received a new packet while thinking!
{Thu 13:35:25 Step:460} Server_Comm.py: The agent lost 1 packet! Is syncmode enabled?
{Thu 13:35:25 Step:460} Server_Comm.py: Received a new packet while thinking!
{Thu 13:35:25 Step:462} Server_Comm.py: The agent lost 1 packet! Is syncmode enabled?
{Thu 13:35:25 Step:462} Server_Comm.py: Received a new packet while thinking!
{Thu 13:35:25 Step:464} Server_Comm.py: The agent lost 1 packet! Is syncmode enabled?
{Thu 13:35:25 Step:464} Server_Comm.py: Received a new packet while thinking!
{Thu 13:35:25 Step:466} Server_Comm.py: The agent lost 1 packet! Is syncmode enabled?
{Thu 13:35:25 Step:466} Server_Comm.py: Received a new packet while thinking!
{Thu 13:35:25 Step:468} Server_Comm.py: The agent lost 1 packet! Is syncmode enabled?
{Thu 13:35:25 Step:468} Server_Comm.py: Received a new packet while thinking!
{Thu 13:35:26 Step:470} Server_Comm.py: The agent lost 1 packet! Is syncmode enabled?
{Thu 13:35:26 Step:470} Server_Comm.py: Received a new packet while thinking!
{Thu 13:35:26 Step:472} Server_Comm.py: The agent lost 1 packet! Is syncmode enabled?
{Thu 13:35:26 Step:472} Server_Comm.py: Received a new packet while on world.update()!
{Thu 13:35:26 Step:473} Server_Comm.py: Received a new packet while thinking!
{Thu 13:35:26 Step:475} Server_Comm.py: The agent lost 1 packet! Is syncmode enabled?
{Thu 13:35:26 Step:475} Server_Comm.py: Received a new packet while on world.update()!
{Thu 13:35:26 Step:476} Server_Comm.py: Received a new packet while thinking!
{Thu 13:35:26 Step:477} Server_Comm.py: Received a new packet while on world.update()!
{Thu 13:35:26 Step:478} Server_Comm.py: Received a new packet while thinking!
{Thu 13:35:26 Step:479} Server_Comm.py: Received a new packet while on world.update()!
{Thu 13:35:26 Step:484} Server_Comm.py: The agent lost 1 packet! Is syncmode enabled?
{Thu 13:35:26 Step:489} Server_Comm.py: The agent lost 1 packet! Is syncmode enabled?
{Thu 13:35:26 Step:493} Server_Comm.py: The agent lost 1 packet! Is syncmode enabled?
{Thu 13:35:26 Step:498} Server_Comm.py: The agent lost 1 packet! Is syncmode enabled?
{Thu 13:35:26 Step:502} Server_Comm.py: The agent lost 1 packet! Is syncmode enabled?
{Thu 13:35:26 Step:506} Server_Comm.py: The agent lost 1 packet! Is syncmode enabled?
{Thu 13:35:26 Step:510} Server_Comm.py: The agent lost 1 packet! Is syncmode enabled?
{Thu 13:35:26 Step:513} Server_Comm.py: The agent lost 1 packet! Is syncmode enabled?
{Thu 13:35:26 Step:516} Server_Comm.py: The agent lost 1 packet! Is syncmode enabled?
{Thu 13:35:26 Step:516} Server_Comm.py: Received a new packet while thinking!
{Thu 13:35:27 Step:519} Server_Comm.py: The agent lost 2 consecutive packets! Is syncmode disabled?
{Thu 13:35:27 Step:519} Server_Comm.py: Received a new packet while thinking!
{Thu 13:35:27 Step:521} Server_Comm.py: The agent lost 1 packet! Is syncmode enabled?
{Thu 13:35:27 Step:521} Server_Comm.py: Received a new packet while thinking!
{Thu 13:35:27 Step:524} Server_Comm.py: The agent lost 2 consecutive packets! Is syncmode disabled?
{Thu 13:35:27 Step:526} Server_Comm.py: Received a new packet while thinking!
{Thu 13:35:27 Step:530} Server_Comm.py: The agent lost 3 consecutive packets! Is syncmode disabled?
{Thu 13:35:27 Step:530} Server_Comm.py: Received a new packet while thinking!
{Thu 13:35:27 Step:532} Server_Comm.py: The agent lost 1 packet! Is syncmode enabled?
{Thu 13:35:27 Step:532} Server_Comm.py: Received a new packet while thinking!
{Thu 13:35:27 Step:534} Server_Comm.py: The agent lost 1 packet! Is syncmode enabled?
{Thu 13:35:27 Step:534} Server_Comm.py: Received a new packet while thinking!
{Thu 13:35:27 Step:536} Server_Comm.py: The agent lost 1 packet! Is syncmode enabled?
{Thu 13:35:27 Step:536} Server_Comm.py: Received a new packet while thinking!
{Thu 13:35:27 Step:538} Server_Comm.py: The agent lost 1 packet! Is syncmode enabled?
{Thu 13:35:27 Step:538} Server_Comm.py: Received a new packet while thinking!
{Thu 13:35:27 Step:540} Server_Comm.py: The agent lost 1 packet! Is syncmode enabled?
{Thu 13:35:27 Step:540} Server_Comm.py: Received a new packet while thinking!
{Thu 13:35:27 Step:541} Server_Comm.py: Received a new packet while thinking!
{Thu 13:35:27 Step:543} Server_Comm.py: The agent lost 1 packet! Is syncmode enabled?
{Thu 13:35:27 Step:547} Server_Comm.py: The agent lost 1 packet! Is syncmode enabled?
{Thu 13:35:27 Step:547} Server_Comm.py: Received a new packet while thinking!
{Thu 13:35:27 Step:552} Server_Comm.py: The agent lost 4 consecutive packets! Is syncmode disabled?
{Thu 13:35:27 Step:552} Server_Comm.py: Received a new packet while thinking!
{Thu 13:35:27 Step:556} Server_Comm.py: The agent lost 3 consecutive packets! Is syncmode disabled?
{Thu 13:35:27 Step:556} Server_Comm.py: Received a new packet while thinking!
{Thu 13:35:27 Step:560} Server_Comm.py: The agent lost 3 consecutive packets! Is syncmode disabled?
{Thu 13:35:27 Step:560} Server_Comm.py: Received a new packet while thinking!
{Thu 13:35:27 Step:562} Server_Comm.py: The agent lost 1 packet! Is syncmode enabled?
{Thu 13:35:27 Step:562} Server_Comm.py: Received a new packet while thinking!
{Thu 13:35:27 Step:563} Server_Comm.py: Received a new packet while on world.update()!
{Thu 13:35:27 Step:564} Server_Comm.py: Received a new packet while thinking!
{Thu 13:35:27 Step:565} Server_Comm.py: Received a new packet while thinking!
{Thu 13:35:27 Step:567} Server_Comm.py: The agent lost 1 packet! Is syncmode enabled?
{Thu 13:35:28 Step:567} Server_Comm.py: Received a new packet while thinking!
{Thu 13:35:28 Step:569} Server_Comm.py: The agent lost 1 packet! Is syncmode enabled?
{Thu 13:35:28 Step:569} Server_Comm.py: Received a new packet while thinking!
{Thu 13:35:28 Step:572} Server_Comm.py: The agent lost 2 consecutive packets! Is syncmode disabled?
{Thu 13:35:28 Step:572} Server_Comm.py: Received a new packet while thinking!
{Thu 13:35:28 Step:574} Server_Comm.py: The agent lost 1 packet! Is syncmode enabled?
{Thu 13:35:28 Step:574} Server_Comm.py: Received a new packet while thinking!
{Thu 13:35:28 Step:576} Server_Comm.py: The agent lost 1 packet! Is syncmode enabled?
{Thu 13:35:28 Step:576} Server_Comm.py: Received a new packet while thinking!
{Thu 13:35:28 Step:577} Server_Comm.py: Received a new packet while on world.update()!
{Thu 13:35:28 Step:578} Server_Comm.py: Received a new packet while thinking!
{Thu 13:35:28 Step:580} Server_Comm.py: The agent lost 1 packet! Is syncmode enabled?
{Thu 13:35:28 Step:580} Server_Comm.py: Received a new packet while thinking!
{Thu 13:35:28 Step:584} Server_Comm.py: The agent lost 3 consecutive packets! Is syncmode disabled?
{Thu 13:35:28 Step:584} Server_Comm.py: Received a new packet while thinking!
{Thu 13:35:28 Step:587} Server_Comm.py: The agent lost 2 consecutive packets! Is syncmode disabled?
{Thu 13:35:28 Step:587} Server_Comm.py: Received a new packet while thinking!
{Thu 13:35:28 Step:590} Server_Comm.py: The agent lost 2 consecutive packets! Is syncmode disabled?
{Thu 13:35:28 Step:590} Server_Comm.py: Received a new packet while thinking!
{Thu 13:35:28 Step:593} Server_Comm.py: The agent lost 2 consecutive packets! Is syncmode disabled?
{Thu 13:35:28 Step:593} Server_Comm.py: Received a new packet while on world.update()!
{Thu 13:35:28 Step:594} Server_Comm.py: Received a new packet while thinking!
{Thu 13:35:28 Step:598} Server_Comm.py: The agent lost 3 consecutive packets! Is syncmode disabled?
{Thu 13:35:28 Step:598} Server_Comm.py: Received a new packet while thinking!
{Thu 13:35:28 Step:602} Server_Comm.py: The agent lost 3 consecutive packets! Is syncmode disabled?
{Thu 13:35:28 Step:602} Server_Comm.py: Received a new packet while thinking!
{Thu 13:35:28 Step:606} Server_Comm.py: The agent lost 3 consecutive packets! Is syncmode disabled?
{Thu 13:35:28 Step:606} Server_Comm.py: Received a new packet while on world.update()!
{Thu 13:35:28 Step:607} Server_Comm.py: Received a new packet while thinking!
{Thu 13:35:28 Step:610} Server_Comm.py: The agent lost 2 consecutive packets! Is syncmode disabled?
{Thu 13:35:28 Step:610} Server_Comm.py: Received a new packet while thinking!
{Thu 13:35:28 Step:613} Server_Comm.py: The agent lost 2 consecutive packets! Is syncmode disabled?
{Thu 13:35:28 Step:613} Server_Comm.py: Received a new packet while thinking!
{Thu 13:35:28 Step:614} Server_Comm.py: Received a new packet while on world.update()!
{Thu 13:35:28 Step:615} Server_Comm.py: Received a new packet while thinking!
{Thu 13:35:28 Step:616} Server_Comm.py: Received a new packet while on world.update()!
{Thu 13:35:28 Step:617} Server_Comm.py: Received a new packet while thinking!
{Thu 13:35:29 Step:618} Server_Comm.py: Received a new packet while thinking!
{Thu 13:35:29 Step:619} Server_Comm.py: Received a new packet while on world.update()!
{Thu 13:35:29 Step:620} Server_Comm.py: Received a new packet while thinking!
{Thu 13:35:29 Step:621} Server_Comm.py: Received a new packet while on world.update()!
{Thu 13:35:29 Step:622} Server_Comm.py: Received a new packet while thinking!
{Thu 13:35:29 Step:623} Server_Comm.py: Received a new packet while thinking!
{Thu 13:35:29 Step:625} Server_Comm.py: The agent lost 1 packet! Is syncmode enabled?
{Thu 13:35:29 Step:625} Server_Comm.py: Received a new packet while thinking!
{Thu 13:35:29 Step:626} Server_Comm.py: Received a new packet while thinking!
{Thu 13:35:29 Step:628} Server_Comm.py: The agent lost 1 packet! Is syncmode enabled?
{Thu 13:35:29 Step:628} Server_Comm.py: Received a new packet while thinking!
{Thu 13:35:29 Step:629} Server_Comm.py: Received a new packet while on world.update()!
{Thu 13:35:29 Step:635} Server_Comm.py: The agent lost 1 packet! Is syncmode enabled?
{Thu 13:35:29 Step:638} Server_Comm.py: The agent lost 1 packet! Is syncmode enabled?
{Thu 13:35:29 Step:641} Server_Comm.py: The agent lost 1 packet! Is syncmode enabled?
{Thu 13:35:29 Step:643} Server_Comm.py: The agent lost 1 packet! Is syncmode enabled?
{Thu 13:35:29 Step:646} Server_Comm.py: The agent lost 1 packet! Is syncmode enabled?
{Thu 13:35:29 Step:649} Server_Comm.py: The agent lost 1 packet! Is syncmode enabled?
{Thu 13:35:29 Step:651} Server_Comm.py: The agent lost 1 packet! Is syncmode enabled?
{Thu 13:35:29 Step:654} Server_Comm.py: The agent lost 1 packet! Is syncmode enabled?
{Thu 13:35:29 Step:656} Server_Comm.py: The agent lost 1 packet! Is syncmode enabled?
{Thu 13:35:29 Step:660} Server_Comm.py: The agent lost 1 packet! Is syncmode enabled?
{Thu 13:35:29 Step:663} Server_Comm.py: The agent lost 1 packet! Is syncmode enabled?
{Thu 13:35:29 Step:665} Server_Comm.py: The agent lost 1 packet! Is syncmode enabled?
{Thu 13:35:29 Step:665} Server_Comm.py: Received a new packet while thinking!
{Thu 13:35:30 Step:668} Server_Comm.py: The agent lost 2 consecutive packets! Is syncmode disabled?
{Thu 13:35:30 Step:668} Server_Comm.py: Received a new packet while thinking!
{Thu 13:35:30 Step:670} Server_Comm.py: The agent lost 1 packet! Is syncmode enabled?
{Thu 13:35:30 Step:670} Server_Comm.py: Received a new packet while on world.update()!
{Thu 13:35:30 Step:671} Server_Comm.py: Received a new packet while thinking!
{Thu 13:35:30 Step:673} Server_Comm.py: The agent lost 1 packet! Is syncmode enabled?
{Thu 13:35:30 Step:673} Server_Comm.py: Received a new packet while on world.update()!
{Thu 13:35:30 Step:674} Server_Comm.py: Received a new packet while thinking!
{Thu 13:35:30 Step:675} Server_Comm.py: Received a new packet while on world.update()!
{Thu 13:35:30 Step:676} Server_Comm.py: Received a new packet while thinking!
{Thu 13:35:30 Step:677} Server_Comm.py: Received a new packet while on world.update()!
{Thu 13:35:30 Step:678} Server_Comm.py: Received a new packet while thinking!
{Thu 13:35:30 Step:679} Server_Comm.py: Received a new packet while on world.update()!
{Thu 13:35:30 Step:680} Server_Comm.py: Received a new packet while thinking!
{Thu 13:35:30 Step:681} Server_Comm.py: Received a new packet while on world.update()!
{Thu 13:35:30 Step:682} Server_Comm.py: Received a new packet while thinking!
{Thu 13:35:30 Step:684} Server_Comm.py: The agent lost 1 packet! Is syncmode enabled?
{Thu 13:35:30 Step:684} Server_Comm.py: Received a new packet while thinking!
{Thu 13:35:30 Step:685} Server_Comm.py: Received a new packet while on world.update()!
{Thu 13:35:30 Step:686} Server_Comm.py: Received a new packet while thinking!
{Thu 13:35:30 Step:687} Server_Comm.py: Received a new packet while on world.update()!
{Thu 13:35:30 Step:688} Server_Comm.py: Received a new packet while thinking!
{Thu 13:35:30 Step:690} Server_Comm.py: The agent lost 1 packet! Is syncmode enabled?
{Thu 13:35:30 Step:690} Server_Comm.py: Received a new packet while thinking!
{Thu 13:35:30 Step:692} Server_Comm.py: The agent lost 1 packet! Is syncmode enabled?
{Thu 13:35:30 Step:692} Server_Comm.py: Received a new packet while on world.update()!
{Thu 13:35:30 Step:693} Server_Comm.py: Received a new packet while thinking!
{Thu 13:35:30 Step:695} Server_Comm.py: The agent lost 1 packet! Is syncmode enabled?
{Thu 13:35:30 Step:695} Server_Comm.py: Received a new packet while thinking!
{Thu 13:35:30 Step:697} Server_Comm.py: The agent lost 1 packet! Is syncmode enabled?
{Thu 13:35:30 Step:697} Server_Comm.py: Received a new packet while thinking!
{Thu 13:35:30 Step:699} Server_Comm.py: The agent lost 1 packet! Is syncmode enabled?
{Thu 13:35:30 Step:699} Server_Comm.py: Received a new packet while thinking!
{Thu 13:35:30 Step:701} Server_Comm.py: The agent lost 1 packet! Is syncmode enabled?
{Thu 13:35:30 Step:701} Server_Comm.py: Received a new packet while thinking!
{Thu 13:35:30 Step:702} Server_Comm.py: Received a new packet while on world.update()!
{Thu 13:35:30 Step:703} Server_Comm.py: Received a new packet while thinking!
{Thu 13:35:30 Step:705} Server_Comm.py: The agent lost 1 packet! Is syncmode enabled?
{Thu 13:35:30 Step:705} Server_Comm.py: Received a new packet while on world.update()!
{Thu 13:35:30 Step:706} Server_Comm.py: Received a new packet while thinking!
{Thu 13:35:30 Step:708} Server_Comm.py: The agent lost 1 packet! Is syncmode enabled?
{Thu 13:35:30 Step:708} Server_Comm.py: Received a new packet while thinking!
{Thu 13:35:30 Step:710} Server_Comm.py: The agent lost 1 packet! Is syncmode enabled?
{Thu 13:35:30 Step:710} Server_Comm.py: Received a new packet while thinking!
{Thu 13:35:30 Step:712} Server_Comm.py: The agent lost 1 packet! Is syncmode enabled?
{Thu 13:35:30 Step:712} Server_Comm.py: Received a new packet while thinking!
{Thu 13:35:30 Step:713} Server_Comm.py: Received a new packet while thinking!
{Thu 13:35:30 Step:715} Server_Comm.py: The agent lost 1 packet! Is syncmode enabled?
{Thu 13:35:30 Step:715} Server_Comm.py: Received a new packet while thinking!
{Thu 13:35:30 Step:717} Server_Comm.py: The agent lost 1 packet! Is syncmode enabled?
{Thu 13:35:31 Step:717} Server_Comm.py: Received a new packet while thinking!
{Thu 13:35:31 Step:718} Server_Comm.py: Received a new packet while thinking!
{Thu 13:35:31 Step:720} Server_Comm.py: The agent lost 1 packet! Is syncmode enabled?
{Thu 13:35:31 Step:720} Server_Comm.py: Received a new packet while thinking!
{Thu 13:35:31 Step:721} Server_Comm.py: Received a new packet while thinking!
{Thu 13:35:31 Step:723} Server_Comm.py: The agent lost 1 packet! Is syncmode enabled?
{Thu 13:35:31 Step:723} Server_Comm.py: Received a new packet while thinking!
{Thu 13:35:31 Step:725} Server_Comm.py: The agent lost 1 packet! Is syncmode enabled?
{Thu 13:35:31 Step:725} Server_Comm.py: Received a new packet while thinking!
{Thu 13:35:31 Step:727} Server_Comm.py: The agent lost 1 packet! Is syncmode enabled?
{Thu 13:35:31 Step:727} Server_Comm.py: Received a new packet while thinking!
{Thu 13:35:31 Step:729} Server_Comm.py: The agent lost 1 packet! Is syncmode enabled?
{Thu 13:35:31 Step:729} Server_Comm.py: Received a new packet while thinking!
{Thu 13:35:31 Step:731} Server_Comm.py: The agent lost 1 packet! Is syncmode enabled?
{Thu 13:35:31 Step:731} Server_Comm.py: Received a new packet while thinking!
{Thu 13:35:31 Step:733} Server_Comm.py: The agent lost 1 packet! Is syncmode enabled?
{Thu 13:35:31 Step:733} Server_Comm.py: Received a new packet while thinking!
{Thu 13:35:31 Step:736} Server_Comm.py: The agent lost 2 consecutive packets! Is syncmode disabled?
{Thu 13:35:31 Step:736} Server_Comm.py: Received a new packet while thinking!
{Thu 13:35:31 Step:738} Server_Comm.py: The agent lost 1 packet! Is syncmode enabled?
{Thu 13:35:31 Step:738} Server_Comm.py: Received a new packet while on world.update()!
{Thu 13:35:31 Step:739} Server_Comm.py: Received a new packet while thinking!
{Thu 13:35:31 Step:740} Server_Comm.py: Received a new packet while on world.update()!
{Thu 13:35:31 Step:741} Server_Comm.py: Received a new packet while thinking!
{Thu 13:35:31 Step:742} Server_Comm.py: Received a new packet while thinking!
{Thu 13:35:31 Step:744} Server_Comm.py: The agent lost 1 packet! Is syncmode enabled?
{Thu 13:35:31 Step:744} Server_Comm.py: Received a new packet while thinking!
{Thu 13:35:31 Step:745} Server_Comm.py: Received a new packet while on world.update()!
{Thu 13:35:31 Step:750} Server_Comm.py: The agent lost 1 packet! Is syncmode enabled?
{Thu 13:35:31 Step:753} Server_Comm.py: The agent lost 1 packet! Is syncmode enabled?
{Thu 13:35:31 Step:756} Server_Comm.py: The agent lost 1 packet! Is syncmode enabled?
{Thu 13:35:31 Step:758} Server_Comm.py: Received a new packet while thinking!
{Thu 13:35:31 Step:761} Server_Comm.py: The agent lost 2 consecutive packets! Is syncmode disabled?
{Thu 13:35:31 Step:761} Server_Comm.py: Received a new packet while thinking!
{Thu 13:35:31 Step:764} Server_Comm.py: The agent lost 2 consecutive packets! Is syncmode disabled?
{Thu 13:35:31 Step:764} Server_Comm.py: Received a new packet while on world.update()!
{Thu 13:35:31 Step:765} Server_Comm.py: Received a new packet while thinking!
{Thu 13:35:32 Step:768} Server_Comm.py: The agent lost 2 consecutive packets! Is syncmode disabled?
{Thu 13:35:32 Step:768} Server_Comm.py: Received a new packet while thinking!
{Thu 13:35:32 Step:770} Server_Comm.py: The agent lost 1 packet! Is syncmode enabled?
{Thu 13:35:32 Step:770} Server_Comm.py: Received a new packet while thinking!
{Thu 13:35:32 Step:772} Server_Comm.py: The agent lost 1 packet! Is syncmode enabled?
{Thu 13:35:32 Step:772} Server_Comm.py: Received a new packet while thinking!
{Thu 13:35:32 Step:773} Server_Comm.py: Received a new packet while thinking!
