{Thu 13:35:16 Step:31} Server_Comm.py: The agent lost 1 packet! Is syncmode enabled?
{Thu 13:35:16 Step:33} Server_Comm.py: The agent lost 1 packet! Is syncmode enabled?
{Thu 13:35:16 Step:36} Server_Comm.py: The agent lost 1 packet! Is syncmode enabled?
{Thu 13:35:16 Step:38} Server_Comm.py: The agent lost 1 packet! Is syncmode enabled?
{Thu 13:35:17 Step:42} Server_Comm.py: The agent lost 1 packet! Is syncmode enabled?
{Thu 13:35:17 Step:48} Server_Comm.py: The agent lost 1 packet! Is syncmode enabled?
{Thu 13:35:17 Step:51} Server_Comm.py: The agent lost 1 packet! Is syncmode enabled?
{Thu 13:35:17 Step:51} Server_Comm.py: Received a new packet while thinking!
{Thu 13:35:17 Step:54} Server_Comm.py: The agent lost 2 consecutive packets! Is syncmode disabled?
{Thu 13:35:17 Step:54} Server_Comm.py: Received a new packet while thinking!
{Thu 13:35:17 Step:58} Server_Comm.py: The agent lost 3 consecutive packets! Is syncmode disabled?
{Thu 13:35:17 Step:58} Server_Comm.py: Received a new packet while thinking!
{Thu 13:35:17 Step:61} Server_Comm.py: The agent lost 2 consecutive packets! Is syncmode disabled?
{Thu 13:35:17 Step:61} Server_Comm.py: Received a new packet while thinking!
{Thu 13:35:17 Step:64} Server_Comm.py: The agent lost 2 consecutive packets! Is syncmode disabled?
{Thu 13:35:17 Step:64} Server_Comm.py: Received a new packet while thinking!
{Thu 13:35:17 Step:67} Server_Comm.py: The agent lost 2 consecutive packets! Is syncmode disabled?
{Thu 13:35:17 Step:67} Server_Comm.py: Received a new packet while thinking!
{Thu 13:35:17 Step:69} Server_Comm.py: The agent lost 1 packet! Is syncmode enabled?
{Thu 13:35:17 Step:69} Server_Comm.py: Received a new packet while on world.update()!
{Thu 13:35:17 Step:70} Server_Comm.py: Received a new packet while thinking!
{Thu 13:35:17 Step:74} Server_Comm.py: The agent lost 3 consecutive packets! Is syncmode disabled?
{Thu 13:35:17 Step:74} Server_Comm.py: Received a new packet while thinking!
{Thu 13:35:17 Step:77} Server_Comm.py: The agent lost 2 consecutive packets! Is syncmode disabled?
{Thu 13:35:17 Step:77} Server_Comm.py: Received a new packet while thinking!
{Thu 13:35:17 Step:80} Server_Comm.py: The agent lost 2 consecutive packets! Is syncmode disabled?
{Thu 13:35:17 Step:80} Server_Comm.py: Received a new packet while thinking!
{Thu 13:35:17 Step:83} Server_Comm.py: The agent lost 2 consecutive packets! Is syncmode disabled?
{Thu 13:35:17 Step:83} Server_Comm.py: Received a new packet while thinking!
{Thu 13:35:17 Step:85} Server_Comm.py: The agent lost 1 packet! Is syncmode enabled?
{Thu 13:35:17 Step:85} Server_Comm.py: Received a new packet while on world.update()!
{Thu 13:35:18 Step:86} Server_Comm.py: Received a new packet while thinking!
{Thu 13:35:18 Step:88} Server_Comm.py: The agent lost 1 packet! Is syncmode enabled?
{Thu 13:35:18 Step:88} Server_Comm.py: Received a new packet while thinking!
{Thu 13:35:18 Step:91} Server_Comm.py: The agent lost 2 consecutive packets! Is syncmode disabled?
{Thu 13:35:18 Step:91} Server_Comm.py: Received a new packet while thinking!
{Thu 13:35:18 Step:93} Server_Comm.py: The agent lost 1 packet! Is syncmode enabled?
{Thu 13:35:18 Step:93} Server_Comm.py: Received a new packet while on world.update()!
{Thu 13:35:18 Step:94} Server_Comm.py: Received a new packet while thinking!
{Thu 13:35:18 Step:96} Server_Comm.py: The agent lost 1 packet! Is syncmode enabled?
{Thu 13:35:18 Step:96} Server_Comm.py: Received a new packet while thinking!
{Thu 13:35:18 Step:99} Server_Comm.py: The agent lost 2 consecutive packets! Is syncmode disabled?
{Thu 13:35:18 Step:99} Server_Comm.py: Received a new packet while thinking!
{Thu 13:35:18 Step:101} Server_Comm.py: The agent lost 1 packet! Is syncmode enabled?
{Thu 13:35:18 Step:101} Server_Comm.py: Received a new packet while on world.update()!
{Thu 13:35:18 Step:102} Server_Comm.py: Received a new packet while thinking!
{Thu 13:35:18 Step:104} Server_Comm.py: The agent lost 1 packet! Is syncmode enabled?
{Thu 13:35:18 Step:104} Server_Comm.py: Received a new packet while thinking!
{Thu 13:35:18 Step:107} Server_Comm.py: The agent lost 2 consecutive packets! Is syncmode disabled?
{Thu 13:35:18 Step:107} Server_Comm.py: Received a new packet while thinking!
{Thu 13:35:18 Step:109} Server_Comm.py: The agent lost 1 packet! Is syncmode enabled?
{Thu 13:35:18 Step:109} Server_Comm.py: Received a new packet while thinking!
{Thu 13:35:18 Step:112} Server_Comm.py: The agent lost 2 consecutive packets! Is syncmode disabled?
{Thu 13:35:18 Step:112} Server_Comm.py: Received a new packet while thinking!
{Thu 13:35:18 Step:115} Server_Comm.py: The agent lost 2 consecutive packets! Is syncmode disabled?
{Thu 13:35:18 Step:115} Server_Comm.py: Received a new packet while thinking!
{Thu 13:35:18 Step:117} Server_Comm.py: The agent lost 1 packet! Is syncmode enabled?
{Thu 13:35:18 Step:117} Server_Comm.py: Received a new packet while on world.update()!
{Thu 13:35:18 Step:118} Server_Comm.py: Received a new packet while thinking!
{Thu 13:35:18 Step:121} Server_Comm.py: The agent lost 2 consecutive packets! Is syncmode disabled?
{Thu 13:35:18 Step:121} Server_Comm.py: Received a new packet while thinking!
{Thu 13:35:18 Step:124} Server_Comm.py: The agent lost 2 consecutive packets! Is syncmode disabled?
{Thu 13:35:18 Step:124} Server_Comm.py: Received a new packet while thinking!
{Thu 13:35:18 Step:127} Server_Comm.py: The agent lost 2 consecutive packets! Is syncmode disabled?
{Thu 13:35:18 Step:127} Server_Comm.py: Received a new packet while thinking!
{Thu 13:35:18 Step:130} Server_Comm.py: The agent lost 2 consecutive packets! Is syncmode disabled?
{Thu 13:35:18 Step:130} Server_Comm.py: Received a new packet while thinking!
{Thu 13:35:18 Step:133} Server_Comm.py: The agent lost 2 consecutive packets! Is syncmode disabled?
{Thu 13:35:18 Step:133} Server_Comm.py: Received a new packet while thinking!
{Thu 13:35:18 Step:135} Server_Comm.py: The agent lost 1 packet! Is syncmode enabled?
{Thu 13:35:18 Step:135} Server_Comm.py: Received a new packet while on world.update()!
{Thu 13:35:19 Step:136} Server_Comm.py: Received a new packet while thinking!
{Thu 13:35:19 Step:139} Server_Comm.py: The agent lost 2 consecutive packets! Is syncmode disabled?
{Thu 13:35:19 Step:139} Server_Comm.py: Received a new packet while thinking!
{Thu 13:35:19 Step:142} Server_Comm.py: The agent lost 2 consecutive packets! Is syncmode disabled?
{Thu 13:35:19 Step:142} Server_Comm.py: Received a new packet while thinking!
{Thu 13:35:19 Step:146} Server_Comm.py: The agent lost 3 consecutive packets! Is syncmode disabled?
{Thu 13:35:19 Step:146} Server_Comm.py: Received a new packet while thinking!
{Thu 13:35:19 Step:150} Server_Comm.py: The agent lost 3 consecutive packets! Is syncmode disabled?
{Thu 13:35:19 Step:150} Server_Comm.py: Received a new packet while thinking!
{Thu 13:35:19 Step:154} Server_Comm.py: The agent lost 3 consecutive packets! Is syncmode disabled?
{Thu 13:35:19 Step:154} Server_Comm.py: Received a new packet while thinking!
{Thu 13:35:19 Step:159} Server_Comm.py: The agent lost 4 consecutive packets! Is syncmode disabled?
{Thu 13:35:19 Step:159} Server_Comm.py: Received a new packet while thinking!
{Thu 13:35:19 Step:161} Server_Comm.py: The agent lost 1 packet! Is syncmode enabled?
{Thu 13:35:19 Step:161} Server_Comm.py: Received a new packet while thinking!
{Thu 13:35:19 Step:166} Server_Comm.py: The agent lost 4 consecutive packets! Is syncmode disabled?
{Thu 13:35:19 Step:166} Server_Comm.py: Received a new packet while thinking!
{Thu 13:35:19 Step:170} Server_Comm.py: The agent lost 3 consecutive packets! Is syncmode disabled?
{Thu 13:35:19 Step:170} Server_Comm.py: Received a new packet while on world.update()!
{Thu 13:35:19 Step:171} Server_Comm.py: Received a new packet while thinking!
{Thu 13:35:19 Step:173} Server_Comm.py: The agent lost 1 packet! Is syncmode enabled?
{Thu 13:35:19 Step:173} Server_Comm.py: Received a new packet while on world.update()!
{Thu 13:35:19 Step:174} Server_Comm.py: Received a new packet while thinking!
{Thu 13:35:19 Step:177} Server_Comm.py: The agent lost 2 consecutive packets! Is syncmode disabled?
{Thu 13:35:19 Step:177} Server_Comm.py: Received a new packet while thinking!
{Thu 13:35:19 Step:181} Server_Comm.py: The agent lost 3 consecutive packets! Is syncmode disabled?
{Thu 13:35:19 Step:181} Server_Comm.py: Received a new packet while thinking!
{Thu 13:35:19 Step:184} Server_Comm.py: The agent lost 2 consecutive packets! Is syncmode disabled?
{Thu 13:35:19 Step:184} Server_Comm.py: Received a new packet while thinking!
{Thu 13:35:19 Step:185} Server_Comm.py: Received a new packet while on world.update()!
{Thu 13:35:20 Step:186} Server_Comm.py: Received a new packet while thinking!
{Thu 13:35:20 Step:188} Server_Comm.py: The agent lost 1 packet! Is syncmode enabled?
{Thu 13:35:20 Step:188} Server_Comm.py: Received a new packet while thinking!
{Thu 13:35:20 Step:190} Server_Comm.py: The agent lost 1 packet! Is syncmode enabled?
{Thu 13:35:20 Step:190} Server_Comm.py: Received a new packet while on world.update()!
{Thu 13:35:20 Step:191} Server_Comm.py: Received a new packet while thinking!
{Thu 13:35:20 Step:193} Server_Comm.py: The agent lost 1 packet! Is syncmode enabled?
{Thu 13:35:20 Step:193} Server_Comm.py: Received a new packet while thinking!
{Thu 13:35:20 Step:195} Server_Comm.py: The agent lost 1 packet! Is syncmode enabled?
{Thu 13:35:20 Step:195} Server_Comm.py: Received a new packet while thinking!
{Thu 13:35:20 Step:197} Server_Comm.py: The agent lost 1 packet! Is syncmode enabled?
{Thu 13:35:20 Step:197} Server_Comm.py: Received a new packet while thinking!
{Thu 13:35:20 Step:201} Server_Comm.py: The agent lost 3 consecutive packets! Is syncmode disabled?
{Thu 13:35:20 Step:201} Server_Comm.py: Received a new packet while on world.update()!
{Thu 13:35:20 Step:202} Server_Comm.py: Received a new packet while thinking!
{Thu 13:35:20 Step:205} Server_Comm.py: The agent lost 2 consecutive packets! Is syncmode disabled?
{Thu 13:35:20 Step:205} Server_Comm.py: Received a new packet while thinking!
{Thu 13:35:20 Step:208} Server_Comm.py: The agent lost 2 consecutive packets! Is syncmode disabled?
{Thu 13:35:20 Step:208} Server_Comm.py: Received a new packet while thinking!
{Thu 13:35:20 Step:209} Server_Comm.py: Received a new packet while on world.update()!
{Thu 13:35:20 Step:210} Server_Comm.py: Received a new packet while thinking!
{Thu 13:35:20 Step:212} Server_Comm.py: The agent lost 1 packet! Is syncmode enabled?
{Thu 13:35:20 Step:212} Server_Comm.py: Received a new packet while thinking!
{Thu 13:35:20 Step:214} Server_Comm.py: The agent lost 1 packet! Is syncmode enabled?
{Thu 13:35:20 Step:214} Server_Comm.py: Received a new packet while thinking!
{Thu 13:35:20 Step:216} Server_Comm.py: The agent lost 1 packet! Is syncmode enabled?
{Thu 13:35:20 Step:216} Server_Comm.py: Received a new packet while thinking!
{Thu 13:35:20 Step:218} Server_Comm.py: The agent lost 1 packet! Is syncmode enabled?
{Thu 13:35:20 Step:218} Server_Comm.py: Received a new packet while thinking!
{Thu 13:35:20 Step:220} Server_Comm.py: The agent lost 1 packet! Is syncmode enabled?
{Thu 13:35:20 Step:220} Server_Comm.py: Received a new packet while thinking!
{Thu 13:35:20 Step:222} Server_Comm.py: The agent lost 1 packet! Is syncmode enabled?
{Thu 13:35:20 Step:222} Server_Comm.py: Received a new packet while thinking!
{Thu 13:35:20 Step:224} Server_Comm.py: The agent lost 1 packet! Is syncmode enabled?
{Thu 13:35:20 Step:224} Server_Comm.py: Received a new packet while on world.update()!
{Thu 13:35:20 Step:225} Server_Comm.py: Received a new packet while thinking!
{Thu 13:35:20 Step:226} Server_Comm.py: Received a new packet while on world.update()!
{Thu 13:35:20 Step:227} Server_Comm.py: Received a new packet while thinking!
{Thu 13:35:20 Step:228} Server_Comm.py: Received a new packet while thinking!
{Thu 13:35:20 Step:230} Server_Comm.py: The agent lost 1 packet! Is syncmode enabled?
{Thu 13:35:20 Step:230} Server_Comm.py: Received a new packet while thinking!
{Thu 13:35:20 Step:232} Server_Comm.py: The agent lost 1 packet! Is syncmode enabled?
{Thu 13:35:20 Step:232} Server_Comm.py: Received a new packet while thinking!
{Thu 13:35:20 Step:234} Server_Comm.py: The agent lost 1 packet! Is syncmode enabled?
{Thu 13:35:20 Step:234} Server_Comm.py: Received a new packet while thinking!
{Thu 13:35:20 Step:236} Server_Comm.py: The agent lost 1 packet! Is syncmode enabled?
{Thu 13:35:21 Step:236} Server_Comm.py: Received a new packet while thinking!
{Thu 13:35:21 Step:238} Server_Comm.py: The agent lost 1 packet! Is syncmode enabled?
{Thu 13:35:21 Step:238} Server_Comm.py: Received a new packet while thinking!
{Thu 13:35:21 Step:240} Server_Comm.py: The agent lost 1 packet! Is syncmode enabled?
{Thu 13:35:21 Step:240} Server_Comm.py: Received a new packet while thinking!
{Thu 13:35:21 Step:242} Server_Comm.py: The agent lost 1 packet! Is syncmode enabled?
{Thu 13:35:21 Step:242} Server_Comm.py: Received a new packet while thinking!
{Thu 13:35:21 Step:244} Server_Comm.py: The agent lost 1 packet! Is syncmode enabled?
{Thu 13:35:21 Step:244} Server_Comm.py: Received a new packet while thinking!
{Thu 13:35:21 Step:246} Server_Comm.py: The agent lost 1 packet! Is syncmode enabled?
{Thu 13:35:21 Step:246} Server_Comm.py: Received a new packet while thinking!
{Thu 13:35:21 Step:248} Server_Comm.py: The agent lost 1 packet! Is syncmode enabled?
{Thu 13:35:21 Step:248} Server_Comm.py: Received a new packet while thinking!
{Thu 13:35:21 Step:250} Server_Comm.py: The agent lost 1 packet! Is syncmode enabled?
{Thu 13:35:21 Step:250} Server_Comm.py: Received a new packet while thinking!
{Thu 13:35:21 Step:252} Server_Comm.py: The agent lost 1 packet! Is syncmode enabled?
{Thu 13:35:21 Step:252} Server_Comm.py: Received a new packet while thinking!
{Thu 13:35:21 Step:254} Server_Comm.py: The agent lost 1 packet! Is syncmode enabled?
{Thu 13:35:21 Step:254} Server_Comm.py: Received a new packet while thinking!
{Thu 13:35:21 Step:256} Server_Comm.py: The agent lost 1 packet! Is syncmode enabled?
{Thu 13:35:21 Step:256} Server_Comm.py: Received a new packet while thinking!
{Thu 13:35:21 Step:258} Server_Comm.py: The agent lost 1 packet! Is syncmode enabled?
{Thu 13:35:21 Step:258} Server_Comm.py: Received a new packet while thinking!
{Thu 13:35:21 Step:260} Server_Comm.py: The agent lost 1 packet! Is syncmode enabled?
{Thu 13:35:21 Step:260} Server_Comm.py: Received a new packet while thinking!
{Thu 13:35:21 Step:262} Server_Comm.py: The agent lost 1 packet! Is syncmode enabled?
{Thu 13:35:21 Step:262} Server_Comm.py: Received a new packet while thinking!
{Thu 13:35:21 Step:264} Server_Comm.py: The agent lost 1 packet! Is syncmode enabled?
{Thu 13:35:21 Step:264} Server_Comm.py: Received a new packet while thinking!
{Thu 13:35:21 Step:266} Server_Comm.py: The agent lost 1 packet! Is syncmode enabled?
{Thu 13:35:21 Step:266} Server_Comm.py: Received a new packet while thinking!
{Thu 13:35:21 Step:268} Server_Comm.py: The agent lost 1 packet! Is syncmode enabled?
{Thu 13:35:21 Step:268} Server_Comm.py: Received a new packet while thinking!
{Thu 13:35:21 Step:270} Server_Comm.py: The agent lost 1 packet! Is syncmode enabled?
{Thu 13:35:21 Step:270} Server_Comm.py: Received a new packet while thinking!
{Thu 13:35:21 Step:271} Server_Comm.py: Received a new packet while on world.update()!
{Thu 13:35:21 Step:272} Server_Comm.py: Received a new packet while thinking!
{Thu 13:35:21 Step:273} Server_Comm.py: Received a new packet while thinking!
{Thu 13:35:21 Step:275} Server_Comm.py: The agent lost 1 packet! Is syncmode enabled?
{Thu 13:35:21 Step:275} Server_Comm.py: Received a new packet while thinking!
{Thu 13:35:21 Step:277} Server_Comm.py: The agent lost 1 packet! Is syncmode enabled?
{Thu 13:35:21 Step:277} Server_Comm.py: Received a new packet while thinking!
{Thu 13:35:21 Step:279} Server_Comm.py: The agent lost 1 packet! Is syncmode enabled?
{Thu 13:35:21 Step:279} Server_Comm.py: Received a new packet while thinking!
{Thu 13:35:21 Step:281} Server_Comm.py: The agent lost 1 packet! Is syncmode enabled?
{Thu 13:35:21 Step:281} Server_Comm.py: Received a new packet while on world.update()!
{Thu 13:35:21 Step:282} Server_Comm.py: Received a new packet while thinking!
{Thu 13:35:21 Step:283} Server_Comm.py: Received a new packet while thinking!
{Thu 13:35:21 Step:285} Server_Comm.py: The agent lost 1 packet! Is syncmode enabled?
{Thu 13:35:22 Step:285} Server_Comm.py: Received a new packet while thinking!
{Thu 13:35:22 Step:286} Server_Comm.py: Received a new packet while thinking!
{Thu 13:35:22 Step:288} Server_Comm.py: The agent lost 1 packet! Is syncmode enabled?
{Thu 13:35:22 Step:288} Server_Comm.py: Received a new packet while thinking!
{Thu 13:35:22 Step:290} Server_Comm.py: The agent lost 1 packet! Is syncmode enabled?
{Thu 13:35:22 Step:290} Server_Comm.py: Received a new packet while thinking!
{Thu 13:35:22 Step:292} Server_Comm.py: The agent lost 1 packet! Is syncmode enabled?
{Thu 13:35:22 Step:292} Server_Comm.py: Received a new packet while thinking!
{Thu 13:35:22 Step:294} Server_Comm.py: The agent lost 1 packet! Is syncmode enabled?
{Thu 13:35:22 Step:294} Server_Comm.py: Received a new packet while thinking!
{Thu 13:35:22 Step:296} Server_Comm.py: The agent lost 1 packet! Is syncmode enabled?
{Thu 13:35:22 Step:296} Server_Comm.py: Received a new packet while thinking!
{Thu 13:35:22 Step:298} Server_Comm.py: The agent lost 1 packet! Is syncmode enabled?
{Thu 13:35:22 Step:298} Server_Comm.py: Received a new packet while thinking!
{Thu 13:35:22 Step:300} Server_Comm.py: The agent lost 1 packet! Is syncmode enabled?
{Thu 13:35:22 Step:300} Server_Comm.py: Received a new packet while thinking!
{Thu 13:35:22 Step:302} Server_Comm.py: The agent lost 1 packet! Is syncmode enabled?
{Thu 13:35:22 Step:302} Server_Comm.py: Received a new packet while thinking!
{Thu 13:35:22 Step:304} Server_Comm.py: The agent lost 1 packet! Is syncmode enabled?
{Thu 13:35:22 Step:304} Server_Comm.py: Received a new packet while thinking!
{Thu 13:35:22 Step:306} Server_Comm.py: The agent lost 1 packet! Is syncmode enabled?
{Thu 13:35:22 Step:306} Server_Comm.py: Received a new packet while thinking!
{Thu 13:35:22 Step:308} Server_Comm.py: The agent lost 1 packet! Is syncmode enabled?
{Thu 13:35:22 Step:308} Server_Comm.py: Received a new packet while thinking!
{Thu 13:35:22 Step:311} Server_Comm.py: The agent lost 2 consecutive packets! Is syncmode disabled?
{Thu 13:35:22 Step:311} Server_Comm.py: Received a new packet while thinking!
{Thu 13:35:22 Step:313} Server_Comm.py: The agent lost 1 packet! Is syncmode enabled?
{Thu 13:35:22 Step:313} Server_Comm.py: Received a new packet while thinking!
{Thu 13:35:22 Step:317} Server_Comm.py: The agent lost 3 consecutive packets! Is syncmode disabled?
{Thu 13:35:22 Step:317} Server_Comm.py: Received a new packet while thinking!
{Thu 13:35:22 Step:319} Server_Comm.py: The agent lost 1 packet! Is syncmode enabled?
{Thu 13:35:22 Step:319} Server_Comm.py: Received a new packet while on world.update()!
{Thu 13:35:22 Step:320} Server_Comm.py: Received a new packet while thinking!
{Thu 13:35:22 Step:322} Server_Comm.py: The agent lost 1 packet! Is syncmode enabled?
{Thu 13:35:22 Step:322} Server_Comm.py: Received a new packet while thinking!
{Thu 13:35:22 Step:324} Server_Comm.py: The agent lost 1 packet! Is syncmode enabled?
{Thu 13:35:22 Step:324} Server_Comm.py: Received a new packet while thinking!
{Thu 13:35:22 Step:326} Server_Comm.py: The agent lost 1 packet! Is syncmode enabled?
{Thu 13:35:22 Step:326} Server_Comm.py: Received a new packet while thinking!
{Thu 13:35:22 Step:328} Server_Comm.py: The agent lost 1 packet! Is syncmode enabled?
{Thu 13:35:22 Step:328} Server_Comm.py: Received a new packet while thinking!
{Thu 13:35:22 Step:330} Server_Comm.py: The agent lost 1 packet! Is syncmode enabled?
{Thu 13:35:22 Step:330} Server_Comm.py: Received a new packet while thinking!
{Thu 13:35:22 Step:332} Server_Comm.py: The agent lost 1 packet! Is syncmode enabled?
{Thu 13:35:22 Step:332} Server_Comm.py: Received a new packet while thinking!
{Thu 13:35:22 Step:334} Server_Comm.py: The agent lost 1 packet! Is syncmode enabled?
{Thu 13:35:22 Step:334} Server_Comm.py: Received a new packet while thinking!
{Thu 13:35:23 Step:335} Server_Comm.py: Received a new packet while thinking!
{Thu 13:35:23 Step:337} Server_Comm.py: The agent lost 1 packet! Is syncmode enabled?
{Thu 13:35:23 Step:337} Server_Comm.py: Received a new packet while thinking!
{Thu 13:35:23 Step:338} Server_Comm.py: Received a new packet while thinking!
{Thu 13:35:23 Step:340} Server_Comm.py: The agent lost 1 packet! Is syncmode enabled?
{Thu 13:35:23 Step:340} Server_Comm.py: Received a new packet while thinking!
{Thu 13:35:23 Step:342} Server_Comm.py: The agent lost 1 packet! Is syncmode enabled?
{Thu 13:35:23 Step:342} Server_Comm.py: Received a new packet while thinking!
{Thu 13:35:23 Step:343} Server_Comm.py: Received a new packet while on world.update()!
{Thu 13:35:23 Step:344} Server_Comm.py: Received a new packet while thinking!
{Thu 13:35:23 Step:346} Server_Comm.py: The agent lost 1 packet! Is syncmode enabled?
{Thu 13:35:23 Step:346} Server_Comm.py: Received a new packet while thinking!
{Thu 13:35:23 Step:348} Server_Comm.py: The agent lost 1 packet! Is syncmode enabled?
{Thu 13:35:23 Step:348} Server_Comm.py: Received a new packet while thinking!
{Thu 13:35:23 Step:350} Server_Comm.py: The agent lost 1 packet! Is syncmode enabled?
{Thu 13:35:23 Step:350} Server_Comm.py: Received a new packet while thinking!
{Thu 13:35:23 Step:351} Server_Comm.py: Received a new packet while on world.update()!
{Thu 13:35:23 Step:352} Server_Comm.py: Received a new packet while thinking!
{Thu 13:35:23 Step:353} Server_Comm.py: Received a new packet while thinking!
{Thu 13:35:23 Step:355} Server_Comm.py: The agent lost 1 packet! Is syncmode enabled?
{Thu 13:35:23 Step:355} Server_Comm.py: Received a new packet while thinking!
{Thu 13:35:23 Step:357} Server_Comm.py: The agent lost 1 packet! Is syncmode enabled?
{Thu 13:35:23 Step:357} Server_Comm.py: Received a new packet while thinking!
{Thu 13:35:23 Step:359} Server_Comm.py: The agent lost 1 packet! Is syncmode enabled?
{Thu 13:35:23 Step:359} Server_Comm.py: Received a new packet while thinking!
{Thu 13:35:23 Step:360} Server_Comm.py: Received a new packet while thinking!
{Thu 13:35:23 Step:362} Server_Comm.py: The agent lost 1 packet! Is syncmode enabled?
{Thu 13:35:23 Step:362} Server_Comm.py: Received a new packet while thinking!
{Thu 13:35:23 Step:363} Server_Comm.py: Received a new packet while on world.update()!
{Thu 13:35:23 Step:364} Server_Comm.py: Received a new packet while thinking!
{Thu 13:35:23 Step:365} Server_Comm.py: Received a new packet while thinking!
{Thu 13:35:23 Step:367} Server_Comm.py: The agent lost 1 packet! Is syncmode enabled?
{Thu 13:35:23 Step:367} Server_Comm.py: Received a new packet while thinking!
{Thu 13:35:23 Step:368} Server_Comm.py: Received a new packet while thinking!
{Thu 13:35:23 Step:370} Server_Comm.py: The agent lost 1 packet! Is syncmode enabled?
{Thu 13:35:23 Step:370} Server_Comm.py: Received a new packet while thinking!
{Thu 13:35:23 Step:371} Server_Comm.py: Received a new packet while thinking!
{Thu 13:35:23 Step:373} Server_Comm.py: The agent lost 1 packet! Is syncmode enabled?
{Thu 13:35:23 Step:373} Server_Comm.py: Received a new packet while thinking!
{Thu 13:35:23 Step:374} Server_Comm.py: Received a new packet while thinking!
{Thu 13:35:23 Step:376} Server_Comm.py: The agent lost 1 packet! Is syncmode enabled?
{Thu 13:35:23 Step:376} Server_Comm.py: Received a new packet while thinking!
{Thu 13:35:23 Step:377} Server_Comm.py: Received a new packet while thinking!
{Thu 13:35:23 Step:379} Server_Comm.py: The agent lost 1 packet! Is syncmode enabled?
{Thu 13:35:23 Step:379} Server_Comm.py: Received a new packet while thinking!
{Thu 13:35:23 Step:380} Server_Comm.py: Received a new packet while thinking!
{Thu 13:35:23 Step:381} Server_Comm.py: Received a new packet while on world.update()!
{Thu 13:35:23 Step:382} Server_Comm.py: Received a new packet while thinking!
{Thu 13:35:23 Step:383} Server_Comm.py: Received a new packet while thinking!
{Thu 13:35:23 Step:385} Server_Comm.py: The agent lost 1 packet! Is syncmode enabled?
{Thu 13:35:24 Step:385} Server_Comm.py: Received a new packet while thinking!
{Thu 13:35:24 Step:386} Server_Comm.py: Received a new packet while thinking!
{Thu 13:35:24 Step:388} Server_Comm.py: The agent lost 1 packet! Is syncmode enabled?
{Thu 13:35:24 Step:388} Server_Comm.py: Received a new packet while thinking!
{Thu 13:35:24 Step:390} Server_Comm.py: The agent lost 1 packet! Is syncmode enabled?
{Thu 13:35:24 Step:390} Server_Comm.py: Received a new packet while thinking!
{Thu 13:35:24 Step:392} Server_Comm.py: The agent lost 1 packet! Is syncmode enabled?
{Thu 13:35:24 Step:392} Server_Comm.py: Received a new packet while thinking!
{Thu 13:35:24 Step:393} Server_Comm.py: Received a new packet while thinking!
{Thu 13:35:24 Step:394} Server_Comm.py: Received a new packet while thinking!
{Thu 13:35:24 Step:396} Server_Comm.py: The agent lost 1 packet! Is syncmode enabled?
{Thu 13:35:24 Step:396} Server_Comm.py: Received a new packet while thinking!
{Thu 13:35:24 Step:398} Server_Comm.py: The agent lost 1 packet! Is syncmode enabled?
{Thu 13:35:24 Step:398} Server_Comm.py: Received a new packet while thinking!
{Thu 13:35:24 Step:400} Server_Comm.py: The agent lost 1 packet! Is syncmode enabled?
{Thu 13:35:24 Step:400} Server_Comm.py: Received a new packet while thinking!
{Thu 13:35:24 Step:402} Server_Comm.py: The agent lost 1 packet! Is syncmode enabled?
{Thu 13:35:24 Step:402} Server_Comm.py: Received a new packet while thinking!
{Thu 13:35:24 Step:404} Server_Comm.py: The agent lost 1 packet! Is syncmode enabled?
{Thu 13:35:24 Step:404} Server_Comm.py: Received a new packet while thinking!
{Thu 13:35:24 Step:406} Server_Comm.py: The agent lost 1 packet! Is syncmode enabled?
{Thu 13:35:24 Step:406} Server_Comm.py: Received a new packet while thinking!
{Thu 13:35:24 Step:408} Server_Comm.py: The agent lost 1 packet! Is syncmode enabled?
{Thu 13:35:24 Step:408} Server_Comm.py: Received a new packet while thinking!
{Thu 13:35:24 Step:410} Server_Comm.py: The agent lost 1 packet! Is syncmode enabled?
{Thu 13:35:24 Step:410} Server_Comm.py: Received a new packet while thinking!
{Thu 13:35:24 Step:412} Server_Comm.py: The agent lost 1 packet! Is syncmode enabled?
{Thu 13:35:24 Step:412} Server_Comm.py: Received a new packet while thinking!
{Thu 13:35:24 Step:414} Server_Comm.py: The agent lost 1 packet! Is syncmode enabled?
{Thu 13:35:24 Step:414} Server_Comm.py: Received a new packet while thinking!
{Thu 13:35:24 Step:415} Server_Comm.py: Received a new packet while on world.update()!
{Thu 13:35:24 Step:416} Server_Comm.py: Received a new packet while thinking!
{Thu 13:35:24 Step:417} Server_Comm.py: Received a new packet while on world.update()!
{Thu 13:35:24 Step:418} Server_Comm.py: Received a new packet while thinking!
{Thu 13:35:24 Step:419} Server_Comm.py: Received a new packet while thinking!
{Thu 13:35:24 Step:421} Server_Comm.py: The agent lost 1 packet! Is syncmode enabled?
{Thu 13:35:24 Step:421} Server_Comm.py: Received a new packet while thinking!
{Thu 13:35:24 Step:422} Server_Comm.py: Received a new packet while thinking!
{Thu 13:35:24 Step:424} Server_Comm.py: The agent lost 1 packet! Is syncmode enabled?
{Thu 13:35:24 Step:424} Server_Comm.py: Received a new packet while thinking!
{Thu 13:35:24 Step:426} Server_Comm.py: The agent lost 1 packet! Is syncmode enabled?
{Thu 13:35:24 Step:426} Server_Comm.py: Received a new packet while thinking!
{Thu 13:35:24 Step:427} Server_Comm.py: Received a new packet while thinking!
{Thu 13:35:24 Step:428} Server_Comm.py: Received a new packet while thinking!
{Thu 13:35:24 Step:430} Server_Comm.py: The agent lost 1 packet! Is syncmode enabled?
{Thu 13:35:24 Step:430} Server_Comm.py: Received a new packet while thinking!
{Thu 13:35:24 Step:433} Server_Comm.py: The agent lost 2 consecutive packets! Is syncmode disabled?
{Thu 13:35:25 Step:433} Server_Comm.py: Received a new packet while thinking!
{Thu 13:35:25 Step:437} Server_Comm.py: The agent lost 3 consecutive packets! Is syncmode disabled?
{Thu 13:35:25 Step:437} Server_Comm.py: Received a new packet while thinking!
{Thu 13:35:25 Step:439} Server_Comm.py: The agent lost 1 packet! Is syncmode enabled?
{Thu 13:35:25 Step:439} Server_Comm.py: Received a new packet while on world.update()!
{Thu 13:35:25 Step:440} Server_Comm.py: Received a new packet while thinking!
{Thu 13:35:25 Step:442} Server_Comm.py: The agent lost 1 packet! Is syncmode enabled?
{Thu 13:35:25 Step:442} Server_Comm.py: Received a new packet while thinking!
{Thu 13:35:25 Step:443} Server_Comm.py: Received a new packet while thinking!
{Thu 13:35:25 Step:445} Server_Comm.py: The agent lost 1 packet! Is syncmode enabled?
{Thu 13:35:25 Step:445} Server_Comm.py: Received a new packet while thinking!
{Thu 13:35:25 Step:446} Server_Comm.py: Received a new packet while thinking!
{Thu 13:35:25 Step:448} Server_Comm.py: The agent lost 1 packet! Is syncmode enabled?
{Thu 13:35:25 Step:448} Server_Comm.py: Received a new packet while thinking!
{Thu 13:35:25 Step:449} Server_Comm.py: Received a new packet while on world.update()!
{Thu 13:35:25 Step:450} Server_Comm.py: Received a new packet while thinking!
{Thu 13:35:25 Step:451} Server_Comm.py: Received a new packet while thinking!
{Thu 13:35:25 Step:454} Server_Comm.py: The agent lost 2 consecutive packets! Is syncmode disabled?
{Thu 13:35:25 Step:454} Server_Comm.py: Received a new packet while thinking!
{Thu 13:35:25 Step:457} Server_Comm.py: The agent lost 2 consecutive packets! Is syncmode disabled?
{Thu 13:35:25 Step:457} Server_Comm.py: Received a new packet while thinking!
{Thu 13:35:25 Step:458} Server_Comm.py: Received a new packet while on world.update()!
{Thu 13:35:25 Step:459} Server_Comm.py: Received a new packet while thinking!
{Thu 13:35:25 Step:461} Server_Comm.py: The agent lost 1 packet! Is syncmode enabled?
{Thu 13:35:25 Step:461} Server_Comm.py: Received a new packet while thinking!
{Thu 13:35:25 Step:463} Server_Comm.py: The agent lost 1 packet! Is syncmode enabled?
{Thu 13:35:25 Step:463} Server_Comm.py: Received a new packet while on world.update()!
{Thu 13:35:25 Step:464} Server_Comm.py: Received a new packet while thinking!
{Thu 13:35:25 Step:466} Server_Comm.py: The agent lost 1 packet! Is syncmode enabled?
{Thu 13:35:25 Step:466} Server_Comm.py: Received a new packet while thinking!
{Thu 13:35:25 Step:468} Server_Comm.py: The agent lost 1 packet! Is syncmode enabled?
{Thu 13:35:25 Step:468} Server_Comm.py: Received a new packet while thinking!
{Thu 13:35:25 Step:470} Server_Comm.py: The agent lost 1 packet! Is syncmode enabled?
{Thu 13:35:25 Step:470} Server_Comm.py: Received a new packet while thinking!
{Thu 13:35:25 Step:472} Server_Comm.py: The agent lost 1 packet! Is syncmode enabled?
{Thu 13:35:25 Step:472} Server_Comm.py: Received a new packet while thinking!
{Thu 13:35:25 Step:474} Server_Comm.py: The agent lost 1 packet! Is syncmode enabled?
{Thu 13:35:25 Step:474} Server_Comm.py: Received a new packet while thinking!
{Thu 13:35:25 Step:476} Server_Comm.py: The agent lost 1 packet! Is syncmode enabled?
{Thu 13:35:25 Step:476} Server_Comm.py: Received a new packet while thinking!
{Thu 13:35:25 Step:478} Server_Comm.py: The agent lost 1 packet! Is syncmode enabled?
{Thu 13:35:25 Step:478} Server_Comm.py: Received a new packet while thinking!
{Thu 13:35:25 Step:480} Server_Comm.py: The agent lost 1 packet! Is syncmode enabled?
{Thu 13:35:25 Step:480} Server_Comm.py: Received a new packet while thinking!
{Thu 13:35:25 Step:482} Server_Comm.py: The agent lost 1 packet! Is syncmode enabled?
{Thu 13:35:25 Step:482} Server_Comm.py: Received a new packet while thinking!
{Thu 13:35:26 Step:484} Server_Comm.py: The agent lost 1 packet! Is syncmode enabled?
{Thu 13:35:26 Step:484} Server_Comm.py: Received a new packet while thinking!
{Thu 13:35:26 Step:487} Server_Comm.py: The agent lost 2 consecutive packets! Is syncmode disabled?
{Thu 13:35:26 Step:487} Server_Comm.py: Received a new packet while thinking!
{Thu 13:35:26 Step:489} Server_Comm.py: The agent lost 1 packet! Is syncmode enabled?
{Thu 13:35:26 Step:489} Server_Comm.py: Received a new packet while on world.update()!
{Thu 13:35:26 Step:490} Server_Comm.py: Received a new packet while thinking!
{Thu 13:35:26 Step:492} Server_Comm.py: The agent lost 1 packet! Is syncmode enabled?
{Thu 13:35:26 Step:492} Server_Comm.py: Received a new packet while thinking!
{Thu 13:35:26 Step:494} Server_Comm.py: The agent lost 1 packet! Is syncmode enabled?
{Thu 13:35:26 Step:494} Server_Comm.py: Received a new packet while thinking!
{Thu 13:35:26 Step:495} Server_Comm.py: Received a new packet while on world.update()!
{Thu 13:35:26 Step:496} Server_Comm.py: Received a new packet while thinking!
{Thu 13:35:26 Step:497} Server_Comm.py: Received a new packet while thinking!
{Thu 13:35:26 Step:499} Server_Comm.py: The agent lost 1 packet! Is syncmode enabled?
{Thu 13:35:26 Step:499} Server_Comm.py: Received a new packet while thinking!
{Thu 13:35:26 Step:500} Server_Comm.py: Received a new packet while thinking!
{Thu 13:35:26 Step:501} Server_Comm.py: Received a new packet while thinking!
{Thu 13:35:26 Step:502} Server_Comm.py: Received a new packet while thinking!
{Thu 13:35:26 Step:504} Server_Comm.py: The agent lost 1 packet! Is syncmode enabled?
{Thu 13:35:26 Step:504} Server_Comm.py: Received a new packet while thinking!
{Thu 13:35:26 Step:505} Server_Comm.py: Received a new packet while thinking!
{Thu 13:35:26 Step:506} Server_Comm.py: Received a new packet while thinking!
{Thu 13:35:26 Step:508} Server_Comm.py: The agent lost 1 packet! Is syncmode enabled?
{Thu 13:35:26 Step:508} Server_Comm.py: Received a new packet while thinking!
{Thu 13:35:26 Step:509} Server_Comm.py: Received a new packet while thinking!
{Thu 13:35:26 Step:510} Server_Comm.py: Received a new packet while thinking!
{Thu 13:35:26 Step:512} Server_Comm.py: The agent lost 1 packet! Is syncmode enabled?
{Thu 13:35:26 Step:512} Server_Comm.py: Received a new packet while thinking!
{Thu 13:35:26 Step:513} Server_Comm.py: Received a new packet while thinking!
{Thu 13:35:26 Step:514} Server_Comm.py: Received a new packet while thinking!
{Thu 13:35:26 Step:515} Server_Comm.py: Received a new packet while on world.update()!
{Thu 13:35:26 Step:516} Server_Comm.py: Received a new packet while thinking!
{Thu 13:35:26 Step:517} Server_Comm.py: Received a new packet while thinking!
{Thu 13:35:26 Step:518} Server_Comm.py: Received a new packet while thinking!
{Thu 13:35:26 Step:519} Server_Comm.py: Received a new packet while on world.update()!
{Thu 13:35:26 Step:520} Server_Comm.py: Received a new packet while thinking!
{Thu 13:35:26 Step:521} Server_Comm.py: Received a new packet while thinking!
{Thu 13:35:26 Step:522} Server_Comm.py: Received a new packet while thinking!
{Thu 13:35:26 Step:523} Server_Comm.py: Received a new packet while on world.update()!
{Thu 13:35:26 Step:524} Server_Comm.py: Received a new packet while thinking!
{Thu 13:35:26 Step:525} Server_Comm.py: Received a new packet while thinking!
{Thu 13:35:26 Step:526} Server_Comm.py: Received a new packet while thinking!
{Thu 13:35:26 Step:528} Server_Comm.py: The agent lost 1 packet! Is syncmode enabled?
{Thu 13:35:26 Step:528} Server_Comm.py: Received a new packet while thinking!
{Thu 13:35:26 Step:529} Server_Comm.py: Received a new packet while on world.update()!
{Thu 13:35:26 Step:530} Server_Comm.py: Received a new packet while thinking!
{Thu 13:35:26 Step:531} Server_Comm.py: Received a new packet while thinking!
{Thu 13:35:26 Step:533} Server_Comm.py: The agent lost 1 packet! Is syncmode enabled?
{Thu 13:35:27 Step:533} Server_Comm.py: Received a new packet while thinking!
{Thu 13:35:27 Step:535} Server_Comm.py: The agent lost 1 packet! Is syncmode enabled?
{Thu 13:35:27 Step:535} Server_Comm.py: Received a new packet while on world.update()!
{Thu 13:35:27 Step:536} Server_Comm.py: Received a new packet while thinking!
{Thu 13:35:27 Step:537} Server_Comm.py: Received a new packet while on world.update()!
{Thu 13:35:27 Step:538} Server_Comm.py: Received a new packet while thinking!
{Thu 13:35:27 Step:539} Server_Comm.py: Received a new packet while on world.update()!
{Thu 13:35:27 Step:540} Server_Comm.py: Received a new packet while thinking!
{Thu 13:35:27 Step:542} Server_Comm.py: The agent lost 1 packet! Is syncmode enabled?
{Thu 13:35:27 Step:542} Server_Comm.py: Received a new packet while thinking!
{Thu 13:35:27 Step:544} Server_Comm.py: The agent lost 1 packet! Is syncmode enabled?
{Thu 13:35:27 Step:544} Server_Comm.py: Received a new packet while thinking!
{Thu 13:35:27 Step:546} Server_Comm.py: The agent lost 1 packet! Is syncmode enabled?
{Thu 13:35:27 Step:546} Server_Comm.py: Received a new packet while thinking!
{Thu 13:35:27 Step:548} Server_Comm.py: The agent lost 1 packet! Is syncmode enabled?
{Thu 13:35:27 Step:548} Server_Comm.py: Received a new packet while thinking!
{Thu 13:35:27 Step:550} Server_Comm.py: The agent lost 1 packet! Is syncmode enabled?
{Thu 13:35:27 Step:550} Server_Comm.py: Received a new packet while thinking!
{Thu 13:35:27 Step:552} Server_Comm.py: The agent lost 1 packet! Is syncmode enabled?
{Thu 13:35:27 Step:552} Server_Comm.py: Received a new packet while on world.update()!
{Thu 13:35:27 Step:553} Server_Comm.py: Received a new packet while thinking!
{Thu 13:35:27 Step:554} Server_Comm.py: Received a new packet while thinking!
{Thu 13:35:27 Step:556} Server_Comm.py: The agent lost 1 packet! Is syncmode enabled?
{Thu 13:35:27 Step:556} Server_Comm.py: Received a new packet while thinking!
{Thu 13:35:27 Step:557} Server_Comm.py: Received a new packet while thinking!
{Thu 13:35:27 Step:559} Server_Comm.py: The agent lost 1 packet! Is syncmode enabled?
{Thu 13:35:27 Step:559} Server_Comm.py: Received a new packet while thinking!
{Thu 13:35:27 Step:560} Server_Comm.py: Received a new packet while thinking!
{Thu 13:35:27 Step:562} Server_Comm.py: The agent lost 1 packet! Is syncmode enabled?
{Thu 13:35:27 Step:562} Server_Comm.py: Received a new packet while thinking!
{Thu 13:35:27 Step:565} Server_Comm.py: The agent lost 2 consecutive packets! Is syncmode disabled?
{Thu 13:35:27 Step:565} Server_Comm.py: Received a new packet while thinking!
{Thu 13:35:27 Step:570} Server_Comm.py: The agent lost 4 consecutive packets! Is syncmode disabled?
{Thu 13:35:27 Step:570} Server_Comm.py: Received a new packet while thinking!
{Thu 13:35:27 Step:573} Server_Comm.py: The agent lost 2 consecutive packets! Is syncmode disabled?
{Thu 13:35:27 Step:573} Server_Comm.py: Received a new packet while thinking!
{Thu 13:35:27 Step:576} Server_Comm.py: The agent lost 2 consecutive packets! Is syncmode disabled?
{Thu 13:35:27 Step:576} Server_Comm.py: Received a new packet while thinking!
{Thu 13:35:27 Step:578} Server_Comm.py: The agent lost 1 packet! Is syncmode enabled?
{Thu 13:35:27 Step:578} Server_Comm.py: Received a new packet while thinking!
{Thu 13:35:27 Step:580} Server_Comm.py: The agent lost 1 packet! Is syncmode enabled?
{Thu 13:35:27 Step:580} Server_Comm.py: Received a new packet while thinking!
{Thu 13:35:27 Step:581} Server_Comm.py: Received a new packet while on world.update()!
{Thu 13:35:28 Step:582} Server_Comm.py: Received a new packet while thinking!
{Thu 13:35:28 Step:584} Server_Comm.py: The agent lost 1 packet! Is syncmode enabled?
{Thu 13:35:28 Step:584} Server_Comm.py: Received a new packet while thinking!
{Thu 13:35:28 Step:586} Server_Comm.py: The agent lost 1 packet! Is syncmode enabled?
{Thu 13:35:28 Step:586} Server_Comm.py: Received a new packet while thinking!
{Thu 13:35:28 Step:588} Server_Comm.py: The agent lost 1 packet! Is syncmode enabled?
{Thu 13:35:28 Step:588} Server_Comm.py: Received a new packet while thinking!
{Thu 13:35:28 Step:590} Server_Comm.py: The agent lost 1 packet! Is syncmode enabled?
{Thu 13:35:28 Step:590} Server_Comm.py: Received a new packet while thinking!
{Thu 13:35:28 Step:592} Server_Comm.py: The agent lost 1 packet! Is syncmode enabled?
{Thu 13:35:28 Step:592} Server_Comm.py: Received a new packet while thinking!
{Thu 13:35:28 Step:594} Server_Comm.py: The agent lost 1 packet! Is syncmode enabled?
{Thu 13:35:28 Step:594} Server_Comm.py: Received a new packet while thinking!
{Thu 13:35:28 Step:597} Server_Comm.py: The agent lost 2 consecutive packets! Is syncmode disabled?
{Thu 13:35:28 Step:597} Server_Comm.py: Received a new packet while on world.update()!
{Thu 13:35:28 Step:598} Server_Comm.py: Received a new packet while thinking!
{Thu 13:35:28 Step:601} Server_Comm.py: The agent lost 2 consecutive packets! Is syncmode disabled?
{Thu 13:35:28 Step:601} Server_Comm.py: Received a new packet while thinking!
{Thu 13:35:28 Step:604} Server_Comm.py: The agent lost 2 consecutive packets! Is syncmode disabled?
{Thu 13:35:28 Step:604} Server_Comm.py: Received a new packet while thinking!
{Thu 13:35:28 Step:607} Server_Comm.py: The agent lost 2 consecutive packets! Is syncmode disabled?
{Thu 13:35:28 Step:607} Server_Comm.py: Received a new packet while thinking!
{Thu 13:35:28 Step:612} Server_Comm.py: The agent lost 4 consecutive packets! Is syncmode disabled?
{Thu 13:35:28 Step:612} Server_Comm.py: Received a new packet while thinking!
{Thu 13:35:28 Step:616} Server_Comm.py: The agent lost 3 consecutive packets! Is syncmode disabled?
{Thu 13:35:28 Step:616} Server_Comm.py: Received a new packet while thinking!
{Thu 13:35:28 Step:620} Server_Comm.py: The agent lost 3 consecutive packets! Is syncmode disabled?
{Thu 13:35:28 Step:620} Server_Comm.py: Received a new packet while on world.update()!
{Thu 13:35:28 Step:621} Server_Comm.py: Received a new packet while thinking!
{Thu 13:35:28 Step:623} Server_Comm.py: The agent lost 1 packet! Is syncmode enabled?
{Thu 13:35:28 Step:623} Server_Comm.py: Received a new packet while on world.update()!
{Thu 13:35:28 Step:624} Server_Comm.py: Received a new packet while thinking!
{Thu 13:35:28 Step:627} Server_Comm.py: The agent lost 2 consecutive packets! Is syncmode disabled?
{Thu 13:35:28 Step:627} Server_Comm.py: Received a new packet while thinking!
{Thu 13:35:28 Step:629} Server_Comm.py: The agent lost 1 packet! Is syncmode enabled?
{Thu 13:35:28 Step:629} Server_Comm.py: Received a new packet while thinking!
{Thu 13:35:28 Step:631} Server_Comm.py: The agent lost 1 packet! Is syncmode enabled?
{Thu 13:35:28 Step:631} Server_Comm.py: Received a new packet while thinking!
{Thu 13:35:28 Step:633} Server_Comm.py: The agent lost 1 packet! Is syncmode enabled?
{Thu 13:35:29 Step:633} Server_Comm.py: Received a new packet while thinking!
{Thu 13:35:29 Step:634} Server_Comm.py: Received a new packet while thinking!
{Thu 13:35:29 Step:636} Server_Comm.py: The agent lost 1 packet! Is syncmode enabled?
{Thu 13:35:29 Step:636} Server_Comm.py: Received a new packet while thinking!
{Thu 13:35:29 Step:638} Server_Comm.py: The agent lost 1 packet! Is syncmode enabled?
{Thu 13:35:29 Step:638} Server_Comm.py: Received a new packet while thinking!
{Thu 13:35:29 Step:639} Server_Comm.py: Received a new packet while on world.update()!
{Thu 13:35:29 Step:640} Server_Comm.py: Received a new packet while thinking!
{Thu 13:35:29 Step:641} Server_Comm.py: Received a new packet while thinking!
{Thu 13:35:29 Step:642} Server_Comm.py: Received a new packet while on world.update()!
{Thu 13:35:29 Step:643} Server_Comm.py: Received a new packet while thinking!
{Thu 13:35:29 Step:644} Server_Comm.py: Received a new packet while thinking!
{Thu 13:35:29 Step:645} Server_Comm.py: Received a new packet while on world.update()!
{Thu 13:35:29 Step:646} Server_Comm.py: Received a new packet while thinking!
{Thu 13:35:29 Step:647} Server_Comm.py: Received a new packet while thinking!
{Thu 13:35:29 Step:648} Server_Comm.py: Received a new packet while thinking!
{Thu 13:35:29 Step:650} Server_Comm.py: The agent lost 1 packet! Is syncmode enabled?
{Thu 13:35:29 Step:650} Server_Comm.py: Received a new packet while thinking!
{Thu 13:35:29 Step:651} Server_Comm.py: Received a new packet while thinking!
{Thu 13:35:29 Step:653} Server_Comm.py: The agent lost 1 packet! Is syncmode enabled?
{Thu 13:35:29 Step:653} Server_Comm.py: Received a new packet while thinking!
{Thu 13:35:29 Step:654} Server_Comm.py: Received a new packet while thinking!
{Thu 13:35:29 Step:656} Server_Comm.py: The agent lost 1 packet! Is syncmode enabled?
{Thu 13:35:29 Step:656} Server_Comm.py: Received a new packet while thinking!
{Thu 13:35:29 Step:658} Server_Comm.py: The agent lost 1 packet! Is syncmode enabled?
{Thu 13:35:29 Step:658} Server_Comm.py: Received a new packet while thinking!
{Thu 13:35:29 Step:660} Server_Comm.py: The agent lost 1 packet! Is syncmode enabled?
{Thu 13:35:29 Step:660} Server_Comm.py: Received a new packet while thinking!
{Thu 13:35:29 Step:661} Server_Comm.py: Received a new packet while thinking!
{Thu 13:35:29 Step:662} Server_Comm.py: Received a new packet while thinking!
{Thu 13:35:29 Step:664} Server_Comm.py: The agent lost 1 packet! Is syncmode enabled?
{Thu 13:35:29 Step:664} Server_Comm.py: Received a new packet while thinking!
{Thu 13:35:29 Step:666} Server_Comm.py: The agent lost 1 packet! Is syncmode enabled?
{Thu 13:35:29 Step:666} Server_Comm.py: Received a new packet while thinking!
{Thu 13:35:29 Step:667} Server_Comm.py: Received a new packet while on world.update()!
{Thu 13:35:29 Step:668} Server_Comm.py: Received a new packet while thinking!
{Thu 13:35:29 Step:669} Server_Comm.py: Received a new packet while thinking!
{Thu 13:35:29 Step:671} Server_Comm.py: The agent lost 1 packet! Is syncmode enabled?
{Thu 13:35:29 Step:671} Server_Comm.py: Received a new packet while thinking!
{Thu 13:35:29 Step:672} Server_Comm.py: Received a new packet while thinking!
{Thu 13:35:29 Step:674} Server_Comm.py: The agent lost 1 packet! Is syncmode enabled?
{Thu 13:35:29 Step:674} Server_Comm.py: Received a new packet while thinking!
{Thu 13:35:29 Step:675} Server_Comm.py: Received a new packet while thinking!
{Thu 13:35:29 Step:676} Server_Comm.py: Received a new packet while thinking!
{Thu 13:35:29 Step:678} Server_Comm.py: The agent lost 1 packet! Is syncmode enabled?
{Thu 13:35:29 Step:678} Server_Comm.py: Received a new packet while thinking!
{Thu 13:35:29 Step:680} Server_Comm.py: The agent lost 1 packet! Is syncmode enabled?
{Thu 13:35:29 Step:680} Server_Comm.py: Received a new packet while thinking!
{Thu 13:35:29 Step:682} Server_Comm.py: The agent lost 1 packet! Is syncmode enabled?
{Thu 13:35:30 Step:682} Server_Comm.py: Received a new packet while thinking!
{Thu 13:35:30 Step:685} Server_Comm.py: The agent lost 2 consecutive packets! Is syncmode disabled?
{Thu 13:35:30 Step:685} Server_Comm.py: Received a new packet while thinking!
{Thu 13:35:30 Step:688} Server_Comm.py: The agent lost 2 consecutive packets! Is syncmode disabled?
{Thu 13:35:30 Step:688} Server_Comm.py: Received a new packet while thinking!
{Thu 13:35:30 Step:690} Server_Comm.py: The agent lost 1 packet! Is syncmode enabled?
{Thu 13:35:30 Step:690} Server_Comm.py: Received a new packet while thinking!
{Thu 13:35:30 Step:692} Server_Comm.py: The agent lost 1 packet! Is syncmode enabled?
{Thu 13:35:30 Step:692} Server_Comm.py: Received a new packet while thinking!
{Thu 13:35:30 Step:694} Server_Comm.py: The agent lost 1 packet! Is syncmode enabled?
{Thu 13:35:30 Step:694} Server_Comm.py: Received a new packet while thinking!
{Thu 13:35:30 Step:696} Server_Comm.py: The agent lost 1 packet! Is syncmode enabled?
{Thu 13:35:30 Step:696} Server_Comm.py: Received a new packet while thinking!
{Thu 13:35:30 Step:698} Server_Comm.py: The agent lost 1 packet! Is syncmode enabled?
{Thu 13:35:30 Step:698} Server_Comm.py: Received a new packet while thinking!
{Thu 13:35:30 Step:700} Server_Comm.py: The agent lost 1 packet! Is syncmode enabled?
{Thu 13:35:30 Step:700} Server_Comm.py: Received a new packet while thinking!
{Thu 13:35:30 Step:702} Server_Comm.py: The agent lost 1 packet! Is syncmode enabled?
{Thu 13:35:30 Step:702} Server_Comm.py: Received a new packet while thinking!
{Thu 13:35:30 Step:704} Server_Comm.py: The agent lost 1 packet! Is syncmode enabled?
{Thu 13:35:30 Step:704} Server_Comm.py: Received a new packet while thinking!
{Thu 13:35:30 Step:707} Server_Comm.py: The agent lost 2 consecutive packets! Is syncmode disabled?
{Thu 13:35:30 Step:707} Server_Comm.py: Received a new packet while thinking!
{Thu 13:35:30 Step:709} Server_Comm.py: The agent lost 1 packet! Is syncmode enabled?
{Thu 13:35:30 Step:709} Server_Comm.py: Received a new packet while on world.update()!
{Thu 13:35:30 Step:710} Server_Comm.py: Received a new packet while thinking!
{Thu 13:35:30 Step:711} Server_Comm.py: Received a new packet while on world.update()!
{Thu 13:35:30 Step:712} Server_Comm.py: Received a new packet while thinking!
{Thu 13:35:30 Step:713} Server_Comm.py: Received a new packet while thinking!
{Thu 13:35:30 Step:715} Server_Comm.py: The agent lost 1 packet! Is syncmode enabled?
{Thu 13:35:30 Step:715} Server_Comm.py: Received a new packet while thinking!
{Thu 13:35:30 Step:717} Server_Comm.py: The agent lost 1 packet! Is syncmode enabled?
{Thu 13:35:30 Step:717} Server_Comm.py: Received a new packet while thinking!
{Thu 13:35:30 Step:719} Server_Comm.py: The agent lost 1 packet! Is syncmode enabled?
{Thu 13:35:30 Step:719} Server_Comm.py: Received a new packet while on world.update()!
{Thu 13:35:30 Step:720} Server_Comm.py: Received a new packet while thinking!
{Thu 13:35:30 Step:722} Server_Comm.py: The agent lost 1 packet! Is syncmode enabled?
{Thu 13:35:30 Step:722} Server_Comm.py: Received a new packet while thinking!
{Thu 13:35:30 Step:724} Server_Comm.py: The agent lost 1 packet! Is syncmode enabled?
{Thu 13:35:30 Step:724} Server_Comm.py: Received a new packet while on world.update()!
{Thu 13:35:30 Step:725} Server_Comm.py: Received a new packet while thinking!
{Thu 13:35:30 Step:726} Server_Comm.py: Received a new packet while thinking!
{Thu 13:35:30 Step:728} Server_Comm.py: The agent lost 1 packet! Is syncmode enabled?
{Thu 13:35:30 Step:728} Server_Comm.py: Received a new packet while thinking!
{Thu 13:35:30 Step:729} Server_Comm.py: Received a new packet while on world.update()!
{Thu 13:35:30 Step:730} Server_Comm.py: Received a new packet while thinking!
{Thu 13:35:31 Step:731} Server_Comm.py: Received a new packet while thinking!
{Thu 13:35:31 Step:733} Server_Comm.py: The agent lost 1 packet! Is syncmode enabled?
{Thu 13:35:31 Step:733} Server_Comm.py: Received a new packet while thinking!
{Thu 13:35:31 Step:734} Server_Comm.py: Received a new packet while thinking!
{Thu 13:35:31 Step:736} Server_Comm.py: The agent lost 1 packet! Is syncmode enabled?
{Thu 13:35:31 Step:736} Server_Comm.py: Received a new packet while thinking!
{Thu 13:35:31 Step:737} Server_Comm.py: Received a new packet while on world.update()!
{Thu 13:35:31 Step:738} Server_Comm.py: Received a new packet while thinking!
{Thu 13:35:31 Step:739} Server_Comm.py: Received a new packet while on world.update()!
{Thu 13:35:31 Step:740} Server_Comm.py: Received a new packet while thinking!
{Thu 13:35:31 Step:741} Server_Comm.py: Received a new packet while on world.update()!
{Thu 13:35:31 Step:742} Server_Comm.py: Received a new packet while thinking!
{Thu 13:35:31 Step:744} Server_Comm.py: The agent lost 1 packet! Is syncmode enabled?
{Thu 13:35:31 Step:744} Server_Comm.py: Received a new packet while thinking!
{Thu 13:35:31 Step:745} Server_Comm.py: Received a new packet while on world.update()!
{Thu 13:35:31 Step:746} Server_Comm.py: Received a new packet while thinking!
{Thu 13:35:31 Step:747} Server_Comm.py: Received a new packet while on world.update()!
{Thu 13:35:31 Step:748} Server_Comm.py: Received a new packet while thinking!
{Thu 13:35:31 Step:750} Server_Comm.py: The agent lost 1 packet! Is syncmode enabled?
{Thu 13:35:31 Step:750} Server_Comm.py: Received a new packet while thinking!
{Thu 13:35:31 Step:752} Server_Comm.py: The agent lost 1 packet! Is syncmode enabled?
{Thu 13:35:31 Step:752} Server_Comm.py: Received a new packet while on world.update()!
{Thu 13:35:31 Step:753} Server_Comm.py: Received a new packet while thinking!
{Thu 13:35:31 Step:755} Server_Comm.py: The agent lost 1 packet! Is syncmode enabled?
{Thu 13:35:31 Step:755} Server_Comm.py: Received a new packet while thinking!
{Thu 13:35:31 Step:757} Server_Comm.py: The agent lost 1 packet! Is syncmode enabled?
{Thu 13:35:31 Step:757} Server_Comm.py: Received a new packet while thinking!
{Thu 13:35:31 Step:758} Server_Comm.py: Received a new packet while on world.update()!
{Thu 13:35:31 Step:759} Server_Comm.py: Received a new packet while thinking!
{Thu 13:35:31 Step:760} Server_Comm.py: Received a new packet while thinking!
{Thu 13:35:31 Step:762} Server_Comm.py: The agent lost 1 packet! Is syncmode enabled?
{Thu 13:35:31 Step:762} Server_Comm.py: Received a new packet while thinking!
{Thu 13:35:31 Step:763} Server_Comm.py: Received a new packet while thinking!
{Thu 13:35:31 Step:765} Server_Comm.py: The agent lost 1 packet! Is syncmode enabled?
{Thu 13:35:31 Step:765} Server_Comm.py: Received a new packet while thinking!
{Thu 13:35:31 Step:766} Server_Comm.py: Received a new packet while thinking!
{Thu 13:35:31 Step:768} Server_Comm.py: The agent lost 1 packet! Is syncmode enabled?
{Thu 13:35:31 Step:768} Server_Comm.py: Received a new packet while thinking!
{Thu 13:35:31 Step:769} Server_Comm.py: Received a new packet while thinking!
{Thu 13:35:31 Step:771} Server_Comm.py: The agent lost 1 packet! Is syncmode enabled?
{Thu 13:35:31 Step:771} Server_Comm.py: Received a new packet while thinking!
{Thu 13:35:31 Step:772} Server_Comm.py: Received a new packet while thinking!
{Thu 13:35:31 Step:773} Server_Comm.py: Received a new packet while on world.update()!
{Thu 13:35:31 Step:774} Server_Comm.py: Received a new packet while thinking!
{Thu 13:35:31 Step:776} Server_Comm.py: The agent lost 1 packet! Is syncmode enabled?
{Thu 13:35:31 Step:776} Server_Comm.py: Received a new packet while thinking!
{Thu 13:35:31 Step:778} Server_Comm.py: The agent lost 1 packet! Is syncmode enabled?
{Thu 13:35:31 Step:778} Server_Comm.py: Received a new packet while on world.update()!
{Thu 13:35:31 Step:779} Server_Comm.py: Received a new packet while thinking!
{Thu 13:35:32 Step:782} Server_Comm.py: The agent lost 2 consecutive packets! Is syncmode disabled?
{Thu 13:35:32 Step:782} Server_Comm.py: Received a new packet while thinking!
{Thu 13:35:32 Step:784} Server_Comm.py: The agent lost 1 packet! Is syncmode enabled?
{Thu 13:35:32 Step:784} Server_Comm.py: Received a new packet while on world.update()!
{Thu 13:35:32 Step:785} Server_Comm.py: Received a new packet while thinking!
{Thu 13:35:32 Step:786} Server_Comm.py: Received a new packet while thinking!
{Thu 13:35:32 Step:788} Server_Comm.py: The agent lost 1 packet! Is syncmode enabled?
{Thu 13:35:32 Step:788} Server_Comm.py: Received a new packet while thinking!
