{Tue 19:50:50 Step:7279} World_Parser.py: Received field line with NaNs [   nan    nan    nan   3.12 -60.17  20.8 ]
{Tue 19:51:03 Step:7511} World_Parser.py: Received field line with NaNs [  1.06 -47.74   3.21    nan    nan    nan]
{Tue 20:09:11 Step:19315} World_Parser.py: Received field line with NaNs [   nan    nan    nan   3.67 -60.17   3.07]
{Tue 20:27:07 Step:29707} World_Parser.py: Received field line with NaNs [   nan    nan    nan   2.93 -13.06  58.97]
{Tue 20:34:13 Step:33945} World_Parser.py: Received field line with NaNs [  nan   nan   nan  3.99 -3.79 59.85]
{Tue 21:48:44 Step:80891} World_Parser.py: Received field line with NaNs [  0.97  17.62 -14.29    nan    nan    nan]
{Tue 21:53:19 Step:84521} World_Parser.py: Received field line with NaNs [  1.34  12.04 -20.76    nan    nan    nan]
{Tue 22:06:10 Step:93325} World_Parser.py: Received field line with NaNs [   nan    nan    nan   3.32 -59.79  10.32]
{Tue 22:47:28 Step:119515} World_Parser.py: Received field line with NaNs [   nan    nan    nan  10.   -28.63  56.47]
{Tue 23:19:39 Step:140357} World_Parser.py: Received field line with NaNs [  1.05  19.72 -27.99    nan    nan    nan]
{Wed 00:35:13 Step:186709} World_Parser.py: Received field line with NaNs [  nan   nan   nan  0.78 60.2  23.22]
{Wed 00:38:14 Step:189015} World_Parser.py: Received field line with NaNs [  0.41 -36.23 -31.44    nan    nan    nan]
{Wed 00:41:40 Step:192005} World_Parser.py: Received field line with NaNs [   nan    nan    nan  11.9   -9.42 -59.47]
{Wed 01:04:42 Step:207471} World_Parser.py: Received field line with NaNs [  1.01  16.21 -22.04    nan    nan    nan]
{Wed 01:32:12 Step:225095} World_Parser.py: Received field line with NaNs [   nan    nan    nan   9.96 -59.86 -22.5 ]
{Wed 01:49:57 Step:236333} World_Parser.py: Received field line with NaNs [   nan    nan    nan  16.98 -30.45 -55.95]
{Wed 03:15:22 Step:294321} World_Parser.py: Received field line with NaNs [  nan   nan   nan  3.94 42.41 52.02]
{Wed 03:31:44 Step:303859} World_Parser.py: Received field line with NaNs [  0.5  -44.75   7.95    nan    nan    nan]
{Wed 04:16:36 Step:331093} World_Parser.py: Received field line with NaNs [  0.6  -10.78 -17.77    nan    nan    nan]
{Wed 04:51:23 Step:352957} World_Parser.py: Received field line with NaNs [   nan    nan    nan   3.18 -59.87   8.98]
{Wed 05:25:17 Step:374419} World_Parser.py: Received field line with NaNs [   nan    nan    nan  13.68   4.01 -59.83]
{Wed 05:33:44 Step:380563} World_Parser.py: Received field line with NaNs [   nan    nan    nan  16.39 -60.11 -38.83]
{Wed 05:44:28 Step:386405} World_Parser.py: Received field line with NaNs [  5.    -1.19 -48.64    nan    nan    nan]
{Wed 06:37:16 Step:420491} World_Parser.py: Received field line with NaNs [   nan    nan    nan   3.3  -59.8    9.35]
{Wed 07:26:28 Step:452715} World_Parser.py: Received field line with NaNs [   nan    nan    nan  12.7  -60.04 -31.83]
{Wed 07:35:49 Step:459215} World_Parser.py: Received field line with NaNs [   nan    nan    nan   3.38 -60.01   9.18]
{Wed 08:01:00 Step:476657} World_Parser.py: Received field line with NaNs [  0.81 -35.42 -39.83    nan    nan    nan]
{Wed 08:16:04 Step:486403} World_Parser.py: Received field line with NaNs [   nan    nan    nan   3.23 -60.25  10.57]
{Wed 08:57:14 Step:512093} World_Parser.py: Received field line with NaNs [   nan    nan    nan  15.76 -20.93  58.3 ]
{Wed 09:01:28 Step:514667} World_Parser.py: Received field line with NaNs [   nan    nan    nan   3.17 -60.09  11.2 ]
{Wed 10:06:18 Step:558889} World_Parser.py: Received field line with NaNs [   nan    nan    nan   3.3  -59.96  10.71]
{Wed 10:36:11 Step:577113} World_Parser.py: Received field line with NaNs [ 14.79  55.17 -44.92    nan    nan    nan]
{Wed 10:52:39 Step:587089} World_Parser.py: Received field line with NaNs [   nan    nan    nan   3.35 -60.04   9.41]
{Wed 10:56:57 Step:590273} World_Parser.py: Received field line with NaNs [   nan    nan    nan   4.13 -60.12  -7.51]
{Wed 11:22:37 Step:607623} World_Parser.py: Received field line with NaNs [ 0.61 18.38  3.72   nan   nan   nan]
{Wed 12:01:02 Step:633365} World_Parser.py: Received field line with NaNs [  0.73  -2.25 -44.19    nan    nan    nan]
{Wed 13:00:48 Step:672533} World_Parser.py: Received field line with NaNs [   nan    nan    nan   1.74  -3.62 -60.13]
