{Tue 21:16:12 Step:60591} World_Parser.py: Received field line with NaNs [ 16.39 -18.1  -43.94    nan    nan    nan]
{Tue 21:28:26 Step:67403} World_Parser.py: Received field line with NaNs [   nan    nan    nan   1.07 -54.64  45.13]
{Tue 21:33:53 Step:71027} World_Parser.py: Received field line with NaNs [ 1.76  3.09 42.43   nan   nan   nan]
{Tue 22:12:41 Step:97053} World_Parser.py: Received field line with NaNs [   nan    nan    nan  13.19  12.64 -59.32]
{Tue 22:36:47 Step:113235} World_Parser.py: Received field line with NaNs [ 4.44 45.67  9.09   nan   nan   nan]
{Tue 22:50:34 Step:121765} World_Parser.py: Received field line with NaNs [   nan    nan    nan   1.58   5.53 -59.96]
{Tue 23:25:07 Step:143515} World_Parser.py: Received field line with NaNs [  4.78  -3.23 -48.01    nan    nan    nan]
{Wed 00:06:21 Step:169951} World_Parser.py: Received field line with NaNs [   nan    nan    nan  18.3    3.52 -59.88]
{Wed 00:22:57 Step:180513} World_Parser.py: Received field line with NaNs [   nan    nan    nan   3.65 -59.81   5.37]
{Wed 02:24:58 Step:260963} World_Parser.py: Received field line with NaNs [  nan   nan   nan 20.23 38.65 53.64]
{Wed 03:41:41 Step:310349} World_Parser.py: Received field line with NaNs [  0.6  -22.9    2.02    nan    nan    nan]
{Wed 04:22:43 Step:334291} World_Parser.py: Received field line with NaNs [   nan    nan    nan   3.25 -60.06   9.29]
{Wed 04:46:06 Step:349321} World_Parser.py: Received field line with NaNs [   nan    nan    nan   3.23 -59.95  16.26]
{Wed 05:23:11 Step:373241} World_Parser.py: Received field line with NaNs [   nan    nan    nan   3.28 -59.98   9.37]
{Wed 05:27:10 Step:375285} World_Parser.py: Received field line with NaNs [  0.71 -52.16   9.55    nan    nan    nan]
{Wed 06:11:04 Step:403623} World_Parser.py: Received field line with NaNs [   nan    nan    nan   3.29 -59.85   9.3 ]
{Wed 06:17:34 Step:408533} World_Parser.py: Received field line with NaNs [  1.07 -49.5  -25.66    nan    nan    nan]
{Wed 06:57:21 Step:433919} World_Parser.py: Received field line with NaNs [  0.78 -30.32 -33.12    nan    nan    nan]
{Wed 08:04:41 Step:478965} World_Parser.py: Received field line with NaNs [ 2.82 52.54 -9.32   nan   nan   nan]
{Wed 08:29:39 Step:496305} World_Parser.py: Received field line with NaNs [  1.88 -49.41  12.34    nan    nan    nan]
{Wed 09:10:57 Step:519723} World_Parser.py: Received field line with NaNs [  0.9  -35.11 -46.97    nan    nan    nan]
{Wed 09:10:57 Step:519725} World_Parser.py: Received field line with NaNs [  0.89 -35.03 -47.2     nan    nan    nan]
{Wed 09:10:57 Step:519727} World_Parser.py: Received field line with NaNs [  0.9  -35.04 -47.26    nan    nan    nan]
{Wed 09:10:57 Step:519729} World_Parser.py: Received field line with NaNs [  0.9  -34.98 -47.07    nan    nan    nan]
{Wed 09:10:57 Step:519731} World_Parser.py: Received field line with NaNs [  0.9  -35.3  -47.27    nan    nan    nan]
{Wed 09:10:57 Step:519733} World_Parser.py: Received field line with NaNs [  0.9  -35.11 -47.19    nan    nan    nan]
{Wed 09:10:57 Step:519735} World_Parser.py: Received field line with NaNs [  0.89 -35.03 -47.08    nan    nan    nan]
{Wed 10:13:58 Step:563693} World_Parser.py: Received field line with NaNs [  nan   nan   nan 11.1  60.1  -5.32]
{Wed 12:05:40 Step:636809} World_Parser.py: Received field line with NaNs [ 11.7  -0.4 -57.2   nan   nan   nan]
{Wed 12:18:38 Step:644869} World_Parser.py: Received field line with NaNs [  nan   nan   nan  0.27 60.1  13.64]
