{Tue 19:44:44 Step:3795} World_Parser.py: Received field line with NaNs [   nan    nan    nan   3.43 -59.8    8.78]
{Tue 20:00:18 Step:13245} World_Parser.py: Received field line with NaNs [  0.8  -29.18 -12.4     nan    nan    nan]
{Tue 22:28:00 Step:107293} World_Parser.py: Received field line with NaNs [  nan   nan   nan  1.09 60.37 19.64]
{Tue 23:21:06 Step:141383} World_Parser.py: Received field line with NaNs [   nan    nan    nan   3.25 -60.04  -9.45]
{Wed 00:11:02 Step:172983} World_Parser.py: Received field line with NaNs [   nan    nan    nan  11.73  26.16 -57.32]
{Wed 00:24:46 Step:181295} World_Parser.py: Received field line with NaNs [  nan   nan   nan  0.25 60.1  31.94]
{Wed 00:29:25 Step:183927} World_Parser.py: Received field line with NaNs [   nan    nan    nan  15.82  59.92 -19.87]
{Wed 02:11:46 Step:251203} World_Parser.py: Received field line with NaNs [  2.98  50.11 -10.89    nan    nan    nan]
{Wed 03:29:40 Step:302671} World_Parser.py: Received field line with NaNs [  0.58 -24.1    6.22    nan    nan    nan]
{Wed 04:35:19 Step:343127} World_Parser.py: Received field line with NaNs [   nan    nan    nan   3.38 -59.82   7.33]
{Wed 04:46:08 Step:349361} World_Parser.py: Received field line with NaNs [  nan   nan   nan  0.37 60.   -8.4 ]
{Wed 04:49:36 Step:351443} World_Parser.py: Received field line with NaNs [  nan   nan   nan  0.5  59.9  21.98]
{Wed 06:39:47 Step:422099} World_Parser.py: Received field line with NaNs [   nan    nan    nan  16.1   58.56 -41.99]
{Wed 06:44:47 Step:425721} World_Parser.py: Received field line with NaNs [   nan    nan    nan   3.32 -60.15  10.26]
{Wed 07:56:37 Step:473733} World_Parser.py: Received field line with NaNs [  nan   nan   nan  0.17 60.03 -2.63]
{Wed 08:23:03 Step:491389} World_Parser.py: Received field line with NaNs [ 0.49 60.01 23.55   nan   nan   nan]
{Wed 08:38:27 Step:501407} World_Parser.py: Received field line with NaNs [   nan    nan    nan   3.06 -60.32  16.34]
{Wed 08:38:35 Step:501535} World_Parser.py: Received field line with NaNs [   nan    nan    nan   3.29 -60.02   9.25]
{Wed 09:59:43 Step:553815} World_Parser.py: Received field line with NaNs [  1.2  -54.79  -8.07    nan    nan    nan]
{Wed 10:03:25 Step:556749} World_Parser.py: Received field line with NaNs [   nan    nan    nan   1.65   9.14 -59.7 ]
{Wed 10:41:10 Step:580619} World_Parser.py: Received field line with NaNs [   nan    nan    nan   3.31 -60.07  10.45]
{Wed 11:40:01 Step:618389} World_Parser.py: Received field line with NaNs [   nan    nan    nan   3.33 -59.94   9.2 ]
{Wed 11:47:21 Step:624073} World_Parser.py: Received field line with NaNs [   nan    nan    nan  16.71  60.12 -39.41]
{Wed 11:52:08 Step:627447} World_Parser.py: Received field line with NaNs [   nan    nan    nan   3.29 -59.86   8.99]
