{Tue 20:31:40 Step:32331} World_Parser.py: Received field line with NaNs [   nan    nan    nan  16.64 -51.53 -47.18]
{Tue 21:16:22 Step:60787} World_Parser.py: Received field line with NaNs [  nan   nan   nan 10.47 59.96 34.4 ]
{Tue 22:26:19 Step:105973} World_Parser.py: Received field line with NaNs [   nan    nan    nan   3.3  -60.09   8.82]
{Tue 23:25:47 Step:144311} World_Parser.py: Received field line with NaNs [  0.89 -35.07 -46.46    nan    nan    nan]
{Tue 23:25:47 Step:144321} World_Parser.py: Received field line with NaNs [  0.89 -35.37 -46.44    nan    nan    nan]
{Wed 00:22:33 Step:179965} World_Parser.py: Received field line with NaNs [  nan   nan   nan  0.82 57.31 43.31]
{Wed 00:36:44 Step:187895} World_Parser.py: Received field line with NaNs [  5.12 -10.27 -47.6     nan    nan    nan]
{Wed 02:15:34 Step:253737} World_Parser.py: Received field line with NaNs [   nan    nan    nan   1.66   0.09 -60.03]
{Wed 02:24:55 Step:260919} World_Parser.py: Received field line with NaNs [  1.09 -48.82 -14.13    nan    nan    nan]
{Wed 04:24:45 Step:335413} World_Parser.py: Received field line with NaNs [   nan    nan    nan   3.15 -59.88  21.1 ]
{Wed 04:29:45 Step:339351} World_Parser.py: Received field line with NaNs [   nan    nan    nan   3.25 -60.08   7.01]
{Wed 05:25:37 Step:374819} World_Parser.py: Received field line with NaNs [   nan    nan    nan   3.34 -60.    12.76]
{Wed 05:28:49 Step:376587} World_Parser.py: Received field line with NaNs [   nan    nan    nan  16.2   60.15 -36.43]
{Wed 05:56:58 Step:394555} World_Parser.py: Received field line with NaNs [   nan    nan    nan   4.03 -60.39  38.88]
{Wed 06:16:21 Step:407651} World_Parser.py: Received field line with NaNs [   nan    nan    nan   3.37 -60.05  11.3 ]
{Wed 06:16:26 Step:407759} World_Parser.py: Received field line with NaNs [   nan    nan    nan   3.38 -60.22   9.37]
{Wed 06:40:10 Step:422595} World_Parser.py: Received field line with NaNs [   nan    nan    nan   3.28 -59.94   7.75]
{Wed 07:24:37 Step:451849} World_Parser.py: Received field line with NaNs [   nan    nan    nan  11.5  -14.41 -59.24]
{Wed 07:29:35 Step:455069} World_Parser.py: Received field line with NaNs [   nan    nan    nan  15.99  60.11 -12.63]
{Wed 09:05:39 Step:516615} World_Parser.py: Received field line with NaNs [   nan    nan    nan   3.16 -60.3    8.94]
{Wed 09:20:42 Step:525841} World_Parser.py: Received field line with NaNs [   nan    nan    nan  16.45  59.9  -40.7 ]
{Wed 09:31:47 Step:533581} World_Parser.py: Received field line with NaNs [   nan    nan    nan   1.14  -7.17 -59.89]
{Wed 10:29:45 Step:573639} World_Parser.py: Received field line with NaNs [   nan    nan    nan  17.05 -53.94 -45.57]
{Wed 10:52:10 Step:586527} World_Parser.py: Received field line with NaNs [  1.14  18.9  -34.41    nan    nan    nan]
{Wed 11:17:32 Step:604489} World_Parser.py: Received field line with NaNs [   nan    nan    nan   3.31 -59.69   9.5 ]
{Wed 11:18:26 Step:604505} World_Parser.py: Received field line with NaNs [   nan    nan    nan   3.3  -59.9    9.29]
{Wed 11:49:16 Step:625989} World_Parser.py: Received field line with NaNs [   nan    nan    nan   3.86 -59.92  37.5 ]
{Wed 13:00:42 Step:672407} World_Parser.py: Received field line with NaNs [   nan    nan    nan   3.29 -60.32  -7.49]
{Wed 13:00:48 Step:672531} World_Parser.py: Received field line with NaNs [ 0.76 -1.71 24.5    nan   nan   nan]
