{Tue 20:01:39 Step:14121} World_Parser.py: Received field line with NaNs [   nan    nan    nan   3.35 -59.88  17.09]
{Tue 20:18:12 Step:24743} World_Parser.py: Received field line with NaNs [  1.14  19.06 -34.79    nan    nan    nan]
{Tue 20:43:18 Step:39093} World_Parser.py: Received field line with NaNs [  1.14  19.6  -34.99    nan    nan    nan]
{Tue 21:00:05 Step:50651} World_Parser.py: Received field line with NaNs [   nan    nan    nan  13.51 -10.97 -59.57]
{Tue 21:08:04 Step:55755} World_Parser.py: Received field line with NaNs [   nan    nan    nan   0.7  -11.9   59.43]
{Tue 22:09:27 Step:95459} World_Parser.py: Received field line with NaNs [   nan    nan    nan   3.69 -59.84 -20.15]
{Tue 22:45:53 Step:118325} World_Parser.py: Received field line with NaNs [  nan   nan   nan  1.14 45.67 50.42]
{Tue 23:17:21 Step:138825} World_Parser.py: Received field line with NaNs [  0.55 -44.1   28.73    nan    nan    nan]
{Tue 23:29:47 Step:146483} World_Parser.py: Received field line with NaNs [   nan    nan    nan  11.64  22.14 -58.07]
{Wed 00:05:00 Step:169091} World_Parser.py: Received field line with NaNs [  1.13  20.54 -34.17    nan    nan    nan]
{Wed 00:39:40 Step:190105} World_Parser.py: Received field line with NaNs [   nan    nan    nan   3.11 -60.09  -4.97]
{Wed 00:55:46 Step:202119} World_Parser.py: Received field line with NaNs [   nan    nan    nan   3.29 -59.92   8.73]
{Wed 01:00:47 Step:205489} World_Parser.py: Received field line with NaNs [  1.04  19.2  -16.03    nan    nan    nan]
{Wed 01:22:38 Step:219117} World_Parser.py: Received field line with NaNs [  3.03  50.17 -11.04    nan    nan    nan]
{Wed 02:00:06 Step:244291} World_Parser.py: Received field line with NaNs [   nan    nan    nan   9.53 -60.09 -16.66]
{Wed 02:32:25 Step:265197} World_Parser.py: Received field line with NaNs [   nan    nan    nan  16.47 -59.73 -32.6 ]
{Wed 03:35:30 Step:305723} World_Parser.py: Received field line with NaNs [   nan    nan    nan  16.4  -52.65 -46.27]
{Wed 03:57:25 Step:319859} World_Parser.py: Received field line with NaNs [   nan    nan    nan   3.22 -59.95   7.58]
{Wed 05:35:35 Step:381389} World_Parser.py: Received field line with NaNs [   nan    nan    nan  11.94  16.02 -59.04]
{Wed 05:48:24 Step:389553} World_Parser.py: Received field line with NaNs [   nan    nan    nan   3.27 -59.85  10.79]
{Wed 06:09:29 Step:402693} World_Parser.py: Received field line with NaNs [  4.81  -1.34 -47.74    nan    nan    nan]
{Wed 06:39:57 Step:422303} World_Parser.py: Received field line with NaNs [ 11.51 -32.63 -38.76    nan    nan    nan]
{Wed 06:52:28 Step:430769} World_Parser.py: Received field line with NaNs [   nan    nan    nan   3.64 -60.17   4.81]
{Wed 06:59:02 Step:434559} World_Parser.py: Received field line with NaNs [   nan    nan    nan   1.19  60.24 -32.8 ]
{Wed 08:48:03 Step:507111} World_Parser.py: Received field line with NaNs [   nan    nan    nan   3.28 -60.05  10.06]
{Wed 08:55:08 Step:511121} World_Parser.py: Received field line with NaNs [   nan    nan    nan   3.79 -60.2  -11.29]
{Wed 09:03:29 Step:515557} World_Parser.py: Received field line with NaNs [  nan   nan   nan  9.61 59.99 34.12]
{Wed 09:28:48 Step:531165} World_Parser.py: Received field line with NaNs [   nan    nan    nan   3.53 -60.05  13.29]
{Wed 09:34:28 Step:535479} World_Parser.py: Received field line with NaNs [   nan    nan    nan   2.62 -60.01  19.98]
{Wed 09:52:15 Step:548091} World_Parser.py: Received field line with NaNs [   nan    nan    nan   0.24  59.82 -24.85]
{Wed 09:52:39 Step:548603} World_Parser.py: Received field line with NaNs [   nan    nan    nan  16.48 -59.88 -29.15]
{Wed 10:40:47 Step:580137} World_Parser.py: Received field line with NaNs [   nan    nan    nan   3.36 -59.8    9.5 ]
{Wed 10:58:32 Step:591327} World_Parser.py: Received field line with NaNs [   nan    nan    nan   3.3  -60.25  10.6 ]
{Wed 11:49:17 Step:626009} World_Parser.py: Received field line with NaNs [   nan    nan    nan   3.98 -60.29   1.45]
{Wed 12:01:03 Step:633389} World_Parser.py: Received field line with NaNs [ 0.14 59.98 35.28   nan   nan   nan]
{Wed 13:00:07 Step:671693} World_Parser.py: Received field line with NaNs [  0.89 -35.09 -46.41    nan    nan    nan]
