{Tue 19:47:02 Step:5019} World_Parser.py: Received field line with NaNs [ 2.32 47.88  0.49   nan   nan   nan]
{Tue 19:51:11 Step:7647} World_Parser.py: Received field line with NaNs [   nan    nan    nan   3.02 -59.97  13.77]
{Tue 20:42:58 Step:38709} World_Parser.py: Received field line with NaNs [   nan    nan    nan  18.19  -1.48 -60.07]
{Tue 21:13:50 Step:59187} World_Parser.py: Received field line with NaNs [ 3.48 49.43 45.55   nan   nan   nan]
{Tue 21:24:33 Step:64841} World_Parser.py: Received field line with NaNs [  0.98 -47.17 -32.29    nan    nan    nan]
{Tue 21:32:00 Step:69407} World_Parser.py: Received field line with NaNs [  nan   nan   nan 10.49  6.44 59.74]
{Tue 21:37:26 Step:73155} World_Parser.py: Received field line with NaNs [  nan   nan   nan 17.78 59.78  9.57]
{Tue 21:45:49 Step:79329} World_Parser.py: Received field line with NaNs [ 11.54 -19.31 -32.81    nan    nan    nan]
{Tue 22:16:18 Step:99025} World_Parser.py: Received field line with NaNs [   nan    nan    nan   3.59 -60.08   7.29]
{Tue 22:26:42 Step:106405} World_Parser.py: Received field line with NaNs [   nan    nan    nan   3.18 -59.98  13.18]
{Tue 22:36:35 Step:112997} World_Parser.py: Received field line with NaNs [  1.02 -44.62 -39.18    nan    nan    nan]
{Tue 22:56:40 Step:125515} World_Parser.py: Received field line with NaNs [   nan    nan    nan  11.72  11.04 -59.34]
{Wed 00:35:19 Step:186855} World_Parser.py: Received field line with NaNs [   nan    nan    nan  18.31   1.44 -59.88]
{Wed 00:53:33 Step:200099} World_Parser.py: Received field line with NaNs [  3.01  50.1  -12.52    nan    nan    nan]
{Wed 01:28:50 Step:223059} World_Parser.py: Received field line with NaNs [   nan    nan    nan  11.88  26.53 -57.15]
{Wed 02:11:07 Step:251091} World_Parser.py: Received field line with NaNs [   nan    nan    nan  13.16 -60.07 -35.49]
{Wed 02:11:57 Step:251433} World_Parser.py: Received field line with NaNs [  2.02 -48.25  17.21    nan    nan    nan]
{Wed 02:21:42 Step:258317} World_Parser.py: Received field line with NaNs [   nan    nan    nan  11.77   7.75 -59.8 ]
{Wed 03:18:19 Step:296209} World_Parser.py: Received field line with NaNs [   nan    nan    nan  16.03 -60.08 -39.25]
{Wed 05:02:36 Step:360657} World_Parser.py: Received field line with NaNs [   nan    nan    nan  11.64  37.88 -53.7 ]
{Wed 06:43:34 Step:424865} World_Parser.py: Received field line with NaNs [  1.14  19.64 -34.91    nan    nan    nan]
{Wed 07:45:54 Step:466431} World_Parser.py: Received field line with NaNs [   nan    nan    nan  15.94  60.   -37.04]
{Wed 08:13:49 Step:485047} World_Parser.py: Received field line with NaNs [   nan    nan    nan   3.16 -59.8   11.32]
{Wed 08:16:05 Step:486409} World_Parser.py: Received field line with NaNs [   nan    nan    nan   3.78 -60.16 -11.39]
{Wed 08:16:05 Step:486415} World_Parser.py: Received field line with NaNs [   nan    nan    nan   3.71 -60.03 -12.46]
{Wed 10:46:33 Step:584007} World_Parser.py: Received field line with NaNs [   nan    nan    nan  11.94  15.79 -59.09]
{Wed 11:29:41 Step:611901} World_Parser.py: Received field line with NaNs [ 3.36 50.53 -4.75   nan   nan   nan]
{Wed 12:27:03 Step:650029} World_Parser.py: Received field line with NaNs [   nan    nan    nan   3.37 -59.98   7.33]
{Wed 12:27:34 Step:650643} World_Parser.py: Received field line with NaNs [  3.05  50.09 -11.84    nan    nan    nan]
{Wed 12:28:59 Step:651695} World_Parser.py: Received field line with NaNs [   nan    nan    nan   3.07 -60.15  16.73]
{Wed 12:56:01 Step:669509} World_Parser.py: Received field line with NaNs [   nan    nan    nan   4.92  -7.3  -59.92]
