{Tue 19:41:47 Step:1731} World_Parser.py: Received field line with NaNs [  0.94 -41.55   9.67    nan    nan    nan]
{Tue 19:48:55 Step:5827} World_Parser.py: Received field line with NaNs [   nan    nan    nan   3.25 -59.95  13.18]
{Tue 20:32:11 Step:32957} World_Parser.py: Received field line with NaNs [   nan    nan    nan   3.18 -60.1    9.45]
{Tue 20:43:35 Step:39395} World_Parser.py: Received field line with NaNs [   nan    nan    nan   9.52 -42.96  51.45]
{Tue 20:45:41 Step:40599} World_Parser.py: Received field line with NaNs [   nan    nan    nan   3.05 -60.11  23.68]
{Tue 21:16:27 Step:60895} World_Parser.py: Received field line with NaNs [   nan    nan    nan   3.42 -59.99   8.12]
{Tue 22:06:27 Step:93617} World_Parser.py: Received field line with NaNs [   nan    nan    nan   3.43 -59.97  14.83]
{Tue 22:28:13 Step:107563} World_Parser.py: Received field line with NaNs [  1.2    9.33 -18.42    nan    nan    nan]
{Tue 22:44:08 Step:117651} World_Parser.py: Received field line with NaNs [   nan    nan    nan   3.36 -60.     9.75]
{Tue 22:57:50 Step:126235} World_Parser.py: Received field line with NaNs [  nan   nan   nan  1.07 45.21 50.51]
{Tue 23:01:37 Step:129367} World_Parser.py: Received field line with NaNs [   nan    nan    nan   3.33 -59.99  -7.93]
{Tue 23:10:10 Step:135165} World_Parser.py: Received field line with NaNs [   nan    nan    nan  11.89  12.12 -59.38]
{Wed 00:33:43 Step:186331} World_Parser.py: Received field line with NaNs [  4.87  -2.96 -49.04    nan    nan    nan]
{Wed 01:02:42 Step:206421} World_Parser.py: Received field line with NaNs [  nan   nan   nan 15.88 60.02 10.91]
{Wed 02:23:02 Step:259259} World_Parser.py: Received field line with NaNs [ 15.89 -41.06 -48.68    nan    nan    nan]
{Wed 04:16:46 Step:331287} World_Parser.py: Received field line with NaNs [   nan    nan    nan   2.93 -59.98  13.73]
{Wed 04:22:46 Step:334363} World_Parser.py: Received field line with NaNs [  3.01  50.1  -12.35    nan    nan    nan]
{Wed 04:28:25 Step:338537} World_Parser.py: Received field line with NaNs [  0.87 -33.47  16.49    nan    nan    nan]
{Wed 05:06:41 Step:363519} World_Parser.py: Received field line with NaNs [  nan   nan   nan  9.5  59.97  5.79]
{Wed 06:10:54 Step:403423} World_Parser.py: Received field line with NaNs [   nan    nan    nan   0.99 -59.81   7.16]
{Wed 06:21:22 Step:410971} World_Parser.py: Received field line with NaNs [   nan    nan    nan   3.   -60.27   2.07]
{Wed 06:40:12 Step:422627} World_Parser.py: Received field line with NaNs [  1.02 -48.73   9.88    nan    nan    nan]
{Wed 06:52:44 Step:431071} World_Parser.py: Received field line with NaNs [   nan    nan    nan  13.36   2.93 -59.97]
{Wed 07:03:38 Step:437899} World_Parser.py: Received field line with NaNs [  0.89 -35.33 -46.33    nan    nan    nan]
{Wed 07:07:36 Step:440633} World_Parser.py: Received field line with NaNs [   nan    nan    nan   3.31 -59.95  12.18]
{Wed 07:17:49 Step:446979} World_Parser.py: Received field line with NaNs [  1.1  -50.88  14.31    nan    nan    nan]
{Wed 07:51:08 Step:469873} World_Parser.py: Received field line with NaNs [  3.1  -50.55  20.13    nan    nan    nan]
{Wed 07:54:31 Step:471891} World_Parser.py: Received field line with NaNs [  2.65 -47.99  15.83    nan    nan    nan]
{Wed 08:40:23 Step:502803} World_Parser.py: Received field line with NaNs [   nan    nan    nan  16.6  -59.99 -35.33]
{Wed 10:50:26 Step:585881} World_Parser.py: Received field line with NaNs [   nan    nan    nan   3.18 -60.07  12.74]
{Wed 11:13:30 Step:601721} World_Parser.py: Received field line with NaNs [   nan    nan    nan   3.33 -59.94   9.58]
{Wed 11:46:21 Step:623373} World_Parser.py: Received field line with NaNs [   nan    nan    nan   3.27 -59.93  10.99]
{Wed 11:56:04 Step:630439} World_Parser.py: Received field line with NaNs [  4.81  -2.33 -48.1     nan    nan    nan]
{Wed 12:17:02 Step:643619} World_Parser.py: Received field line with NaNs [   nan    nan    nan   3.3  -59.77   9.35]
{Wed 12:22:15 Step:646917} World_Parser.py: Received field line with NaNs [   nan    nan    nan   3.38 -60.04   9.65]
{Wed 12:42:10 Step:660413} World_Parser.py: Received field line with NaNs [ 0.54 23.65 16.59   nan   nan   nan]
