{Tue 19:52:57 Step:8301} World_Parser.py: Received field line with NaNs [   nan    nan    nan   3.04 -60.14   7.69]
{Tue 21:06:58 Step:55157} World_Parser.py: Received field line with NaNs [ 3.56 48.99 13.28   nan   nan   nan]
{Tue 21:50:23 Step:82401} World_Parser.py: Received field line with NaNs [   nan    nan    nan  11.63   0.82 -59.72]
{Tue 21:53:28 Step:84703} World_Parser.py: Received field line with NaNs [   nan    nan    nan   3.43 -60.02  14.59]
{Tue 22:04:07 Step:92331} World_Parser.py: Received field line with NaNs [   nan    nan    nan   1.35  -2.73 -59.97]
{Tue 23:06:04 Step:132335} World_Parser.py: Received field line with NaNs [ 0.58 14.52 15.57   nan   nan   nan]
{Wed 00:10:55 Step:172837} World_Parser.py: Received field line with NaNs [   nan    nan    nan  11.54  36.13 -54.47]
{Wed 01:04:18 Step:206963} World_Parser.py: Received field line with NaNs [   nan    nan    nan  11.51  31.6  -55.8 ]
{Wed 01:17:02 Step:214843} World_Parser.py: Received field line with NaNs [  1.04 -48.74  19.12    nan    nan    nan]
{Wed 01:24:09 Step:220181} World_Parser.py: Received field line with NaNs [   nan    nan    nan   3.32 -59.99   9.5 ]
{Wed 01:33:00 Step:226013} World_Parser.py: Received field line with NaNs [  nan   nan   nan  0.23 59.98 40.45]
{Wed 01:44:17 Step:232503} World_Parser.py: Received field line with NaNs [  2.97  50.36 -10.2     nan    nan    nan]
{Wed 01:49:19 Step:235537} World_Parser.py: Received field line with NaNs [  0.61 -30.51 -10.86    nan    nan    nan]
{Wed 02:06:25 Step:248283} World_Parser.py: Received field line with NaNs [ 13.21  20.05 -58.48    nan    nan    nan]
{Wed 04:35:18 Step:343089} World_Parser.py: Received field line with NaNs [   nan    nan    nan   3.17 -59.9   14.29]
{Wed 05:21:21 Step:372419} World_Parser.py: Received field line with NaNs [ 13.45 -34.2    5.09    nan    nan    nan]
{Wed 05:42:17 Step:385407} World_Parser.py: Received field line with NaNs [   nan    nan    nan  16.84 -60.01 -39.01]
{Wed 07:14:03 Step:445177} World_Parser.py: Received field line with NaNs [   nan    nan    nan  13.23 -59.86 -35.17]
{Wed 07:55:54 Step:472861} World_Parser.py: Received field line with NaNs [  0.22 -57.07 -32.15    nan    nan    nan]
{Wed 08:01:08 Step:476815} World_Parser.py: Received field line with NaNs [   nan    nan    nan  16.76  59.89 -38.86]
{Wed 08:13:46 Step:484971} World_Parser.py: Received field line with NaNs [   nan    nan    nan   3.34 -60.16   9.63]
{Wed 08:16:10 Step:486515} World_Parser.py: Received field line with NaNs [  nan   nan   nan  0.27 59.92 -1.15]
{Wed 08:26:11 Step:493541} World_Parser.py: Received field line with NaNs [  1.59 -49.01  -4.2     nan    nan    nan]
{Wed 08:32:13 Step:497959} World_Parser.py: Received field line with NaNs [   nan    nan    nan   3.32 -60.06   9.34]
{Wed 08:32:15 Step:497993} World_Parser.py: Received field line with NaNs [   nan    nan    nan   3.31 -59.97   9.56]
{Wed 09:26:15 Step:529465} World_Parser.py: Received field line with NaNs [  1.08  18.7  -28.28    nan    nan    nan]
{Wed 09:58:28 Step:553167} World_Parser.py: Received field line with NaNs [   nan    nan    nan   3.33 -59.72  11.52]
{Wed 10:33:31 Step:575331} World_Parser.py: Received field line with NaNs [   nan    nan    nan   3.37 -60.24   8.85]
{Wed 10:43:54 Step:581993} World_Parser.py: Received field line with NaNs [  nan   nan   nan  0.12 60.04 -4.75]
{Wed 10:44:26 Step:582651} World_Parser.py: Received field line with NaNs [   nan    nan    nan   3.26 -59.99  11.18]
{Wed 11:10:18 Step:599923} World_Parser.py: Received field line with NaNs [   nan    nan    nan   3.23 -59.82  14.68]
