{Tue 19:54:53 Step:9831} World_Parser.py: Received field line with NaNs [   nan    nan    nan   3.44 -60.15   9.48]
{Tue 20:15:49 Step:23383} World_Parser.py: Received field line with NaNs [   nan    nan    nan   3.19 -60.11   6.23]
{Tue 20:23:18 Step:27905} World_Parser.py: Received field line with NaNs [   nan    nan    nan   3.28 -60.21  11.7 ]
{Tue 20:25:42 Step:29285} World_Parser.py: Received field line with NaNs [   nan    nan    nan   3.21 -60.08   9.59]
{Tue 21:00:15 Step:50833} World_Parser.py: Received field line with NaNs [  nan   nan   nan  0.95 59.96 25.64]
{Tue 21:48:52 Step:81067} World_Parser.py: Received field line with NaNs [   nan    nan    nan  11.81   3.87 -59.99]
{Tue 22:40:46 Step:115729} World_Parser.py: Received field line with NaNs [ 16.3  -31.48 -43.81    nan    nan    nan]
{Wed 00:07:15 Step:170585} World_Parser.py: Received field line with NaNs [  nan   nan   nan 16.6  59.8  -0.49]
{Wed 00:57:30 Step:203201} World_Parser.py: Received field line with NaNs [ 16.33 -31.97 -47.      nan    nan    nan]
{Wed 01:56:55 Step:241439} World_Parser.py: Received field line with NaNs [   nan    nan    nan  11.87  25.97 -57.15]
{Wed 02:16:04 Step:254343} World_Parser.py: Received field line with NaNs [   nan    nan    nan  11.89  19.1  -58.4 ]
{Wed 03:32:05 Step:304333} World_Parser.py: Received field line with NaNs [0.58 0.89 9.69  nan  nan  nan]
{Wed 04:21:23 Step:334089} World_Parser.py: Received field line with NaNs [   nan    nan    nan   3.31 -60.     8.51]
{Wed 05:06:41 Step:363517} World_Parser.py: Received field line with NaNs [   nan    nan    nan  11.74 -13.13 -59.23]
{Wed 05:58:39 Step:395695} World_Parser.py: Received field line with NaNs [ 16.81 -34.77 -29.92    nan    nan    nan]
{Wed 06:35:32 Step:419831} World_Parser.py: Received field line with NaNs [   nan    nan    nan   3.26 -59.84   9.19]
{Wed 06:45:58 Step:426509} World_Parser.py: Received field line with NaNs [   nan    nan    nan   3.44 -59.84  10.65]
{Wed 07:03:56 Step:438289} World_Parser.py: Received field line with NaNs [   nan    nan    nan   2.47 -59.79  35.65]
{Wed 07:07:43 Step:440783} World_Parser.py: Received field line with NaNs [   nan    nan    nan   3.52 -60.    11.17]
{Wed 07:09:01 Step:441657} World_Parser.py: Received field line with NaNs [   nan    nan    nan   3.41 -60.13   8.19]
{Wed 07:46:11 Step:466789} World_Parser.py: Received field line with NaNs [   nan    nan    nan  16.47 -32.65 -55.49]
{Wed 08:16:56 Step:487451} World_Parser.py: Received field line with NaNs [ 13.17  26.37 -57.26    nan    nan    nan]
{Wed 08:46:22 Step:505933} World_Parser.py: Received field line with NaNs [  nan   nan   nan  1.67 60.11  6.67]
{Wed 09:35:50 Step:536465} World_Parser.py: Received field line with NaNs [   nan    nan    nan   2.64 -60.16  36.68]
{Wed 10:36:17 Step:577251} World_Parser.py: Received field line with NaNs [   nan    nan    nan   3.35 -60.03   9.97]
{Wed 10:44:22 Step:582583} World_Parser.py: Received field line with NaNs [  1.12  19.72 -26.5     nan    nan    nan]
{Wed 11:15:24 Step:603341} World_Parser.py: Received field line with NaNs [ 14.77  54.46 -45.24    nan    nan    nan]
{Wed 11:55:50 Step:630149} World_Parser.py: Received field line with NaNs [   nan    nan    nan  16.78 -60.12 -40.52]
{Wed 12:04:34 Step:636339} World_Parser.py: Received field line with NaNs [  0.7  -32.48  -3.03    nan    nan    nan]
{Wed 12:42:44 Step:661125} World_Parser.py: Received field line with NaNs [   nan    nan    nan  14.64  59.77 -37.7 ]
{Wed 12:44:50 Step:662247} World_Parser.py: Received field line with NaNs [   nan    nan    nan  16.4   60.09 -35.75]
